<?xml version="1.0" encoding="UTF-8"?>
<robot generator="Robot 7.4.2 (Python 3.14.3 on win32)" generated="2026-03-26T12:22:21.964566" rpa="false" schemaversion="5">
<suite id="s1" name="Tests" source="C:\Users\fanle\Documents\Formation SOGETI\z-EDC\projet\projet_tutore_LECLERC_FANNY\tests">
<suite id="s1-s1" name="Test Google" source="C:\Users\fanle\Documents\Formation SOGETI\z-EDC\projet\projet_tutore_LECLERC_FANNY\tests\test_google.robot">
<kw name="Suite Setup" owner="BaseTests" type="SETUP">
<kw name="Create Dictionary" owner="BuiltIn">
<msg time="2026-03-26T12:22:22.309339" level="INFO">${compte} = {'username': 'Admin', 'password': 'admin123'}</msg>
<var>${compte}</var>
<arg>username=${USER_NAME}</arg>
<arg>password=${PASSWORD}</arg>
<doc>Creates and returns a dictionary based on the given ``items``.</doc>
<status status="PASS" start="2026-03-26T12:22:22.308604" elapsed="0.000794"/>
</kw>
<kw name="Set Global Variable" owner="BuiltIn">
<msg time="2026-03-26T12:22:22.309997" level="INFO">${COMPTE} = {'username': 'Admin', 'password': 'admin123'}</msg>
<arg>${COMPTE}</arg>
<arg>${compte}</arg>
<doc>Makes a variable available globally in all tests and suites.</doc>
<status status="PASS" start="2026-03-26T12:22:22.309583" elapsed="0.000480"/>
</kw>
<kw name="Set Log Level" owner="BuiltIn">
<arg>INFO</arg>
<doc>Sets the log threshold to the specified level.</doc>
<status status="PASS" start="2026-03-26T12:22:22.310197" elapsed="0.000431"/>
</kw>
<doc>Suite Setup</doc>
<status status="PASS" start="2026-03-26T12:22:22.307726" elapsed="0.002995"/>
</kw>
<test id="s1-s1-t1" name="Ouvrir Orange" line="14">
<kw name="Test Setup" owner="BaseTests" type="SETUP">
<kw name="Log To Console" owner="BuiltIn">
<arg>${EMPTY}</arg>
<doc>Logs the given message to the console.</doc>
<status status="PASS" start="2026-03-26T12:22:22.311693" elapsed="0.000779"/>
</kw>
<kw name="Log To Console" owner="BuiltIn">
<arg>==================================================================</arg>
<doc>Logs the given message to the console.</doc>
<status status="PASS" start="2026-03-26T12:22:22.312653" elapsed="0.000516"/>
</kw>
<kw name="Log To Console" owner="BuiltIn">
<arg>DEMARRAGE DU TEST : ${TEST NAME}</arg>
<doc>Logs the given message to the console.</doc>
<status status="PASS" start="2026-03-26T12:22:22.313498" elapsed="0.000649"/>
</kw>
<kw name="Log To Console" owner="BuiltIn">
<arg>BROWSER=${BROWSER}</arg>
<doc>Logs the given message to the console.</doc>
<status status="PASS" start="2026-03-26T12:22:22.314430" elapsed="0.000752"/>
</kw>
<kw name="Log To Console" owner="BuiltIn">
<arg>==================================================================</arg>
<doc>Logs the given message to the console.</doc>
<status status="PASS" start="2026-03-26T12:22:22.315463" elapsed="0.000764"/>
</kw>
<kw name="Register Keyword To Run On Failure" owner="SeleniumLibrary">
<msg time="2026-03-26T12:22:22.316649" level="INFO">No keyword will be run on failure.</msg>
<arg>NONE</arg>
<doc>Sets the keyword to execute, when a SeleniumLibrary keyword fails.</doc>
<status status="PASS" start="2026-03-26T12:22:22.316445" elapsed="0.000270"/>
</kw>
<kw name="Open Browser" owner="SeleniumLibrary">
<msg time="2026-03-26T12:22:22.317127" level="INFO">Opening browser 'chrome' to base url 'https://opensource-demo.orangehrmlive.com/'.</msg>
<arg>${BASE_URL}</arg>
<arg>${BROWSER}</arg>
<doc>Opens a new browser instance to the optional ``url``.</doc>
<status status="PASS" start="2026-03-26T12:22:22.316874" elapsed="4.793279"/>
</kw>
<kw name="Set Selenium Implicit Wait" owner="SeleniumLibrary">
<arg>${IMPLICIT_WAIT}</arg>
<doc>Sets the implicit wait value used by Selenium.</doc>
<status status="PASS" start="2026-03-26T12:22:27.110476" elapsed="0.001779"/>
</kw>
<kw name="Maximize Browser Window" owner="SeleniumLibrary">
<doc>Maximizes current browser window.</doc>
<status status="PASS" start="2026-03-26T12:22:27.112507" elapsed="0.024160"/>
</kw>
<doc>Test Setup</doc>
<status status="PASS" start="2026-03-26T12:22:22.311410" elapsed="4.825390"/>
</kw>
<kw name="Title Should Be" owner="SeleniumLibrary">
<msg time="2026-03-26T12:22:27.141472" level="INFO">Page title is 'OrangeHRM'.</msg>
<arg>OrangeHRM</arg>
<doc>Verifies that the current page title equals ``title``.</doc>
<status status="PASS" start="2026-03-26T12:22:27.137205" elapsed="0.004375"/>
</kw>
<kw name="Test Teardown" owner="BaseTests" type="TEARDOWN">
<kw name="Log To Console" owner="BuiltIn">
<arg>==================================================================</arg>
<doc>Logs the given message to the console.</doc>
<status status="PASS" start="2026-03-26T12:22:27.142390" elapsed="0.000497"/>
</kw>
<kw name="Log To Console" owner="BuiltIn">
<arg>FIN DU TEST : ${TEST NAME}</arg>
<doc>Logs the given message to the console.</doc>
<status status="PASS" start="2026-03-26T12:22:27.143227" elapsed="0.008450"/>
</kw>
<kw name="Log To Console" owner="BuiltIn">
<arg>==================================================================</arg>
<doc>Logs the given message to the console.</doc>
<status status="PASS" start="2026-03-26T12:22:27.151907" elapsed="0.003108"/>
</kw>
<kw name="Close Browser" owner="SeleniumLibrary">
<doc>Closes the current browser.</doc>
<status status="PASS" start="2026-03-26T12:22:27.155314" elapsed="2.237986"/>
</kw>
<doc>Test Teardown</doc>
<status status="PASS" start="2026-03-26T12:22:27.142067" elapsed="2.251371"/>
</kw>
<status status="PASS" start="2026-03-26T12:22:22.310805" elapsed="7.082953"/>
</test>
<test id="s1-s1-t2" name="Test Variable" line="17">
<kw name="Test Setup" owner="BaseTests" type="SETUP">
<kw name="Log To Console" owner="BuiltIn">
<arg>${EMPTY}</arg>
<doc>Logs the given message to the console.</doc>
<status status="PASS" start="2026-03-26T12:22:29.395418" elapsed="0.000818"/>
</kw>
<kw name="Log To Console" owner="BuiltIn">
<arg>==================================================================</arg>
<doc>Logs the given message to the console.</doc>
<status status="PASS" start="2026-03-26T12:22:29.396376" elapsed="0.000457"/>
</kw>
<kw name="Log To Console" owner="BuiltIn">
<arg>DEMARRAGE DU TEST : ${TEST NAME}</arg>
<doc>Logs the given message to the console.</doc>
<status status="PASS" start="2026-03-26T12:22:29.396973" elapsed="0.000489"/>
</kw>
<kw name="Log To Console" owner="BuiltIn">
<arg>BROWSER=${BROWSER}</arg>
<doc>Logs the given message to the console.</doc>
<status status="PASS" start="2026-03-26T12:22:29.397606" elapsed="0.000517"/>
</kw>
<kw name="Log To Console" owner="BuiltIn">
<arg>==================================================================</arg>
<doc>Logs the given message to the console.</doc>
<status status="PASS" start="2026-03-26T12:22:29.398286" elapsed="0.000465"/>
</kw>
<kw name="Register Keyword To Run On Failure" owner="SeleniumLibrary">
<msg time="2026-03-26T12:22:29.399180" level="INFO">No keyword will be run on failure.</msg>
<arg>NONE</arg>
<doc>Sets the keyword to execute, when a SeleniumLibrary keyword fails.</doc>
<status status="PASS" start="2026-03-26T12:22:29.398983" elapsed="0.000256"/>
</kw>
<kw name="Open Browser" owner="SeleniumLibrary">
<msg time="2026-03-26T12:22:29.399600" level="INFO">Opening browser 'chrome' to base url 'https://opensource-demo.orangehrmlive.com/'.</msg>
<arg>${BASE_URL}</arg>
<arg>${BROWSER}</arg>
<doc>Opens a new browser instance to the optional ``url``.</doc>
<status status="PASS" start="2026-03-26T12:22:29.399383" elapsed="3.316057"/>
</kw>
<kw name="Set Selenium Implicit Wait" owner="SeleniumLibrary">
<arg>${IMPLICIT_WAIT}</arg>
<doc>Sets the implicit wait value used by Selenium.</doc>
<status status="PASS" start="2026-03-26T12:22:32.715690" elapsed="0.001387"/>
</kw>
<kw name="Maximize Browser Window" owner="SeleniumLibrary">
<doc>Maximizes current browser window.</doc>
<status status="PASS" start="2026-03-26T12:22:32.717309" elapsed="0.034633"/>
</kw>
<doc>Test Setup</doc>
<status status="PASS" start="2026-03-26T12:22:29.395140" elapsed="3.357095"/>
</kw>
<kw name="Log To Console" owner="BuiltIn">
<arg>COMPTE=${COMPTE}</arg>
<doc>Logs the given message to the console.</doc>
<status status="PASS" start="2026-03-26T12:22:32.752629" elapsed="0.000681"/>
</kw>
<kw name="Test Teardown" owner="BaseTests" type="TEARDOWN">
<kw name="Log To Console" owner="BuiltIn">
<arg>==================================================================</arg>
<doc>Logs the given message to the console.</doc>
<status status="PASS" start="2026-03-26T12:22:32.754271" elapsed="0.000555"/>
</kw>
<kw name="Log To Console" owner="BuiltIn">
<arg>FIN DU TEST : ${TEST NAME}</arg>
<doc>Logs the given message to the console.</doc>
<status status="PASS" start="2026-03-26T12:22:32.755013" elapsed="0.000543"/>
</kw>
<kw name="Log To Console" owner="BuiltIn">
<arg>==================================================================</arg>
<doc>Logs the given message to the console.</doc>
<status status="PASS" start="2026-03-26T12:22:32.755767" elapsed="0.000566"/>
</kw>
<kw name="Close Browser" owner="SeleniumLibrary">
<doc>Closes the current browser.</doc>
<status status="PASS" start="2026-03-26T12:22:32.756571" elapsed="2.204808"/>
</kw>
<doc>Test Teardown</doc>
<status status="PASS" start="2026-03-26T12:22:32.753929" elapsed="2.207584"/>
</kw>
<status status="PASS" start="2026-03-26T12:22:29.394577" elapsed="5.567201"/>
</test>
<kw name="Suite Teardown" owner="BaseTests" type="TEARDOWN">
<kw name="Log To Console" owner="BuiltIn">
<arg>${EMPTY}</arg>
<doc>Logs the given message to the console.</doc>
<status status="PASS" start="2026-03-26T12:22:34.963136" elapsed="0.000823"/>
</kw>
<doc>Suite Teardown</doc>
<status status="PASS" start="2026-03-26T12:22:34.962919" elapsed="0.001164"/>
</kw>
<status status="PASS" start="2026-03-26T12:22:22.007412" elapsed="12.956730"/>
</suite>
<suite id="s1-s2" name="TS AUTHENTIFICATION" source="C:\Users\fanle\Documents\Formation SOGETI\z-EDC\projet\projet_tutore_LECLERC_FANNY\tests\TS_AUTHENTIFICATION.robot">
<kw name="Suite Setup" owner="BaseTests" type="SETUP">
<kw name="Create Dictionary" owner="BuiltIn">
<msg time="2026-03-26T12:22:34.998214" level="INFO">${compte} = {'username': 'Admin', 'password': 'admin123'}</msg>
<var>${compte}</var>
<arg>username=${USER_NAME}</arg>
<arg>password=${PASSWORD}</arg>
<doc>Creates and returns a dictionary based on the given ``items``.</doc>
<status status="PASS" start="2026-03-26T12:22:34.997682" elapsed="0.000573"/>
</kw>
<kw name="Set Global Variable" owner="BuiltIn">
<msg time="2026-03-26T12:22:34.998764" level="INFO">${COMPTE} = {'username': 'Admin', 'password': 'admin123'}</msg>
<arg>${COMPTE}</arg>
<arg>${compte}</arg>
<doc>Makes a variable available globally in all tests and suites.</doc>
<status status="PASS" start="2026-03-26T12:22:34.998409" elapsed="0.000409"/>
</kw>
<kw name="Set Log Level" owner="BuiltIn">
<arg>INFO</arg>
<doc>Sets the log threshold to the specified level.</doc>
<status status="PASS" start="2026-03-26T12:22:34.998941" elapsed="0.000377"/>
</kw>
<doc>Suite Setup</doc>
<status status="PASS" start="2026-03-26T12:22:34.997280" elapsed="0.002120"/>
</kw>
<test id="s1-s2-t1" name="Se Connecter Compte Valide" line="16">
<kw name="Test Setup" owner="BaseTests" type="SETUP">
<kw name="Log To Console" owner="BuiltIn">
<arg>${EMPTY}</arg>
<doc>Logs the given message to the console.</doc>
<status status="PASS" start="2026-03-26T12:22:35.000343" elapsed="0.000830"/>
</kw>
<kw name="Log To Console" owner="BuiltIn">
<arg>==================================================================</arg>
<doc>Logs the given message to the console.</doc>
<status status="PASS" start="2026-03-26T12:22:35.001354" elapsed="0.000479"/>
</kw>
<kw name="Log To Console" owner="BuiltIn">
<arg>DEMARRAGE DU TEST : ${TEST NAME}</arg>
<doc>Logs the given message to the console.</doc>
<status status="PASS" start="2026-03-26T12:22:35.002005" elapsed="0.000612"/>
</kw>
<kw name="Log To Console" owner="BuiltIn">
<arg>BROWSER=${BROWSER}</arg>
<doc>Logs the given message to the console.</doc>
<status status="PASS" start="2026-03-26T12:22:35.002807" elapsed="0.000613"/>
</kw>
<kw name="Log To Console" owner="BuiltIn">
<arg>==================================================================</arg>
<doc>Logs the given message to the console.</doc>
<status status="PASS" start="2026-03-26T12:22:35.003647" elapsed="0.000510"/>
</kw>
<kw name="Register Keyword To Run On Failure" owner="SeleniumLibrary">
<msg time="2026-03-26T12:22:35.004584" level="INFO">No keyword will be run on failure.</msg>
<arg>NONE</arg>
<doc>Sets the keyword to execute, when a SeleniumLibrary keyword fails.</doc>
<status status="PASS" start="2026-03-26T12:22:35.004389" elapsed="0.000252"/>
</kw>
<kw name="Open Browser" owner="SeleniumLibrary">
<msg time="2026-03-26T12:22:35.005012" level="INFO">Opening browser 'chrome' to base url 'https://opensource-demo.orangehrmlive.com/'.</msg>
<arg>${BASE_URL}</arg>
<arg>${BROWSER}</arg>
<doc>Opens a new browser instance to the optional ``url``.</doc>
<status status="PASS" start="2026-03-26T12:22:35.004792" elapsed="1.469246"/>
</kw>
<kw name="Set Selenium Implicit Wait" owner="SeleniumLibrary">
<arg>${IMPLICIT_WAIT}</arg>
<doc>Sets the implicit wait value used by Selenium.</doc>
<status status="PASS" start="2026-03-26T12:22:36.474327" elapsed="0.010669"/>
</kw>
<kw name="Maximize Browser Window" owner="SeleniumLibrary">
<doc>Maximizes current browser window.</doc>
<status status="PASS" start="2026-03-26T12:22:36.485218" elapsed="1.425146"/>
</kw>
<doc>Test Setup</doc>
<status status="PASS" start="2026-03-26T12:22:35.000098" elapsed="2.910387"/>
</kw>
<kw name="Se Connecter" owner="StepConnexion">
<kw name="Log To Console" owner="BuiltIn">
<arg>Se connecter</arg>
<doc>Logs the given message to the console.</doc>
<status status="PASS" start="2026-03-26T12:22:37.911551" elapsed="0.001478"/>
</kw>
<kw name="Set Username" owner="PageConnexion">
<kw name="Input Text" owner="SeleniumLibrary">
<msg time="2026-03-26T12:22:37.914626" level="INFO">Typing text 'Admin' into text field '//*[@name="username"]'.</msg>
<arg>${LOCATOR_INPUT_USERNAME}</arg>
<arg>${texte}</arg>
<doc>Types the given ``text`` into the text field identified by ``locator``.</doc>
<status status="PASS" start="2026-03-26T12:22:37.913926" elapsed="0.603527"/>
</kw>
<arg>${compte}[username]</arg>
<status status="PASS" start="2026-03-26T12:22:37.913375" elapsed="0.604216"/>
</kw>
<kw name="Set Password" owner="PageConnexion">
<kw name="Input Password" owner="SeleniumLibrary">
<msg time="2026-03-26T12:22:38.518471" level="INFO">Typing password into text field '//*[@name="password"]'.</msg>
<msg time="2026-03-26T12:22:38.556401" level="INFO">Temporally setting log level to: NONE</msg>
<arg>${LOCATOR_INPUT_PASSWORD}</arg>
<arg>${texte}</arg>
<doc>Types the given password into the text field identified by ``locator``.</doc>
<status status="PASS" start="2026-03-26T12:22:38.518204" elapsed="0.094228"/>
</kw>
<arg>${compte}[password]</arg>
<status status="PASS" start="2026-03-26T12:22:38.517823" elapsed="0.094798"/>
</kw>
<kw name="Login" owner="PageConnexion">
<kw name="Click Element" owner="SeleniumLibrary">
<msg time="2026-03-26T12:22:38.613833" level="INFO">Clicking element '//button[@type="submit"]'.</msg>
<arg>${LOCATOR_BUTTON_LOGIN}</arg>
<doc>Click the element identified by ``locator``.</doc>
<status status="PASS" start="2026-03-26T12:22:38.613570" elapsed="1.412850"/>
</kw>
<status status="PASS" start="2026-03-26T12:22:38.613172" elapsed="1.413391"/>
</kw>
<arg>${COMPTE}</arg>
<doc>Se Connecter</doc>
<status status="PASS" start="2026-03-26T12:22:37.910957" elapsed="2.115677"/>
</kw>
<kw name="Verifier Connexion Ok" owner="StepConnexion">
<kw name="Log To Console" owner="BuiltIn">
<arg>Verifier Connexion Ok</arg>
<doc>Logs the given message to the console.</doc>
<status status="PASS" start="2026-03-26T12:22:40.027549" elapsed="0.000491"/>
</kw>
<kw name="Check Connection" owner="BasePages">
<kw name="Wait Until Page Contains Element" owner="SeleniumLibrary">
<arg>${LOCATOR_HEADER_BAR}</arg>
<doc>Waits until the element ``locator`` appears on the current page.</doc>
<status status="PASS" start="2026-03-26T12:22:40.028604" elapsed="0.484305"/>
</kw>
<kw name="Wait Until Location Does Not Contain" owner="SeleniumLibrary">
<arg>/login</arg>
<doc>Waits until the current URL does not contains ``location``.</doc>
<status status="PASS" start="2026-03-26T12:22:40.513133" elapsed="0.004399"/>
</kw>
<status status="PASS" start="2026-03-26T12:22:40.028316" elapsed="0.489338"/>
</kw>
<doc>Verifier Connexion Ok</doc>
<status status="PASS" start="2026-03-26T12:22:40.027049" elapsed="0.490679"/>
</kw>
<kw name="Test Teardown" owner="BaseTests" type="TEARDOWN">
<kw name="Log To Console" owner="BuiltIn">
<arg>==================================================================</arg>
<doc>Logs the given message to the console.</doc>
<status status="PASS" start="2026-03-26T12:22:40.518502" elapsed="0.000447"/>
</kw>
<kw name="Log To Console" owner="BuiltIn">
<arg>FIN DU TEST : ${TEST NAME}</arg>
<doc>Logs the given message to the console.</doc>
<status status="PASS" start="2026-03-26T12:22:40.519118" elapsed="0.000440"/>
</kw>
<kw name="Log To Console" owner="BuiltIn">
<arg>==================================================================</arg>
<doc>Logs the given message to the console.</doc>
<status status="PASS" start="2026-03-26T12:22:40.519711" elapsed="0.000409"/>
</kw>
<kw name="Close Browser" owner="SeleniumLibrary">
<doc>Closes the current browser.</doc>
<status status="PASS" start="2026-03-26T12:22:40.520276" elapsed="2.235538"/>
</kw>
<doc>Test Teardown</doc>
<status status="PASS" start="2026-03-26T12:22:40.518167" elapsed="2.237771"/>
</kw>
<doc>Se Connecter Compte Valide</doc>
<tag>browser_chrome</tag>
<tag>test_positive</tag>
<tag>type_tnr</tag>
<status status="PASS" start="2026-03-26T12:22:34.999508" elapsed="7.756716"/>
</test>
<test id="s1-s2-t2" name="Se Connecter Compte Invalide" line="22">
<kw name="Test Setup" owner="BaseTests" type="SETUP">
<kw name="Log To Console" owner="BuiltIn">
<arg>${EMPTY}</arg>
<doc>Logs the given message to the console.</doc>
<status status="PASS" start="2026-03-26T12:22:42.758011" elapsed="0.000838"/>
</kw>
<kw name="Log To Console" owner="BuiltIn">
<arg>==================================================================</arg>
<doc>Logs the given message to the console.</doc>
<status status="PASS" start="2026-03-26T12:22:42.759083" elapsed="0.000454"/>
</kw>
<kw name="Log To Console" owner="BuiltIn">
<arg>DEMARRAGE DU TEST : ${TEST NAME}</arg>
<doc>Logs the given message to the console.</doc>
<status status="PASS" start="2026-03-26T12:22:42.759746" elapsed="0.000499"/>
</kw>
<kw name="Log To Console" owner="BuiltIn">
<arg>BROWSER=${BROWSER}</arg>
<doc>Logs the given message to the console.</doc>
<status status="PASS" start="2026-03-26T12:22:42.760446" elapsed="0.000488"/>
</kw>
<kw name="Log To Console" owner="BuiltIn">
<arg>==================================================================</arg>
<doc>Logs the given message to the console.</doc>
<status status="PASS" start="2026-03-26T12:22:42.761102" elapsed="0.000404"/>
</kw>
<kw name="Register Keyword To Run On Failure" owner="SeleniumLibrary">
<msg time="2026-03-26T12:22:42.761968" level="INFO">No keyword will be run on failure.</msg>
<arg>NONE</arg>
<doc>Sets the keyword to execute, when a SeleniumLibrary keyword fails.</doc>
<status status="PASS" start="2026-03-26T12:22:42.761777" elapsed="0.000255"/>
</kw>
<kw name="Open Browser" owner="SeleniumLibrary">
<msg time="2026-03-26T12:22:42.762431" level="INFO">Opening browser 'chrome' to base url 'https://opensource-demo.orangehrmlive.com/'.</msg>
<arg>${BASE_URL}</arg>
<arg>${BROWSER}</arg>
<doc>Opens a new browser instance to the optional ``url``.</doc>
<status status="PASS" start="2026-03-26T12:22:42.762200" elapsed="3.695071"/>
</kw>
<kw name="Set Selenium Implicit Wait" owner="SeleniumLibrary">
<arg>${IMPLICIT_WAIT}</arg>
<doc>Sets the implicit wait value used by Selenium.</doc>
<status status="PASS" start="2026-03-26T12:22:46.457532" elapsed="0.001337"/>
</kw>
<kw name="Maximize Browser Window" owner="SeleniumLibrary">
<doc>Maximizes current browser window.</doc>
<status status="PASS" start="2026-03-26T12:22:46.459305" elapsed="0.038652"/>
</kw>
<doc>Test Setup</doc>
<status status="PASS" start="2026-03-26T12:22:42.757740" elapsed="3.740421"/>
</kw>
<kw name="Create Dictionary" owner="BuiltIn">
<msg time="2026-03-26T12:22:46.499410" level="INFO">&amp;{compte_invalide} = { username=123 | password=123 }</msg>
<var>&amp;{compte_invalide}</var>
<arg>username=123</arg>
<arg>password=123</arg>
<doc>Creates and returns a dictionary based on the given ``items``.</doc>
<status status="PASS" start="2026-03-26T12:22:46.498649" elapsed="0.000825"/>
</kw>
<kw name="Se Connecter" owner="StepConnexion">
<kw name="Log To Console" owner="BuiltIn">
<arg>Se connecter</arg>
<doc>Logs the given message to the console.</doc>
<status status="PASS" start="2026-03-26T12:22:46.500328" elapsed="0.000481"/>
</kw>
<kw name="Set Username" owner="PageConnexion">
<kw name="Input Text" owner="SeleniumLibrary">
<msg time="2026-03-26T12:22:46.501769" level="INFO">Typing text '123' into text field '//*[@name="username"]'.</msg>
<arg>${LOCATOR_INPUT_USERNAME}</arg>
<arg>${texte}</arg>
<doc>Types the given ``text`` into the text field identified by ``locator``.</doc>
<status status="PASS" start="2026-03-26T12:22:46.501472" elapsed="0.562166"/>
</kw>
<arg>${compte}[username]</arg>
<status status="PASS" start="2026-03-26T12:22:46.501065" elapsed="0.562707"/>
</kw>
<kw name="Set Password" owner="PageConnexion">
<kw name="Input Password" owner="SeleniumLibrary">
<msg time="2026-03-26T12:22:47.064593" level="INFO">Typing password into text field '//*[@name="password"]'.</msg>
<msg time="2026-03-26T12:22:47.101708" level="INFO">Temporally setting log level to: NONE</msg>
<arg>${LOCATOR_INPUT_PASSWORD}</arg>
<arg>${texte}</arg>
<doc>Types the given password into the text field identified by ``locator``.</doc>
<status status="PASS" start="2026-03-26T12:22:47.064347" elapsed="0.090520"/>
</kw>
<arg>${compte}[password]</arg>
<status status="PASS" start="2026-03-26T12:22:47.063989" elapsed="0.091009"/>
</kw>
<kw name="Login" owner="PageConnexion">
<kw name="Click Element" owner="SeleniumLibrary">
<msg time="2026-03-26T12:22:47.155747" level="INFO">Clicking element '//button[@type="submit"]'.</msg>
<arg>${LOCATOR_BUTTON_LOGIN}</arg>
<doc>Click the element identified by ``locator``.</doc>
<status status="PASS" start="2026-03-26T12:22:47.155523" elapsed="0.076597"/>
</kw>
<status status="PASS" start="2026-03-26T12:22:47.155219" elapsed="0.077051"/>
</kw>
<arg>${compte_invalide}</arg>
<doc>Se Connecter</doc>
<status status="PASS" start="2026-03-26T12:22:46.499953" elapsed="0.732404"/>
</kw>
<kw name="Verifier Connexion Input Invalide" owner="StepConnexion">
<kw name="Log To Console" owner="BuiltIn">
<arg>Verifier Connexion Invalide</arg>
<doc>Logs the given message to the console.</doc>
<status status="PASS" start="2026-03-26T12:22:47.233055" elapsed="0.000415"/>
</kw>
<kw name="Get invalid message" owner="PageConnexion">
<kw name="Wait Until Element Is Visible" owner="SeleniumLibrary">
<arg>${LOCATOR_MESSAGE_INVALID}</arg>
<doc>Waits until the element ``locator`` is visible.</doc>
<status status="PASS" start="2026-03-26T12:22:47.233979" elapsed="2.368438"/>
</kw>
<kw name="Get Text" owner="SeleniumLibrary">
<msg time="2026-03-26T12:22:49.621629" level="INFO">${message} = Invalid credentials</msg>
<var>${message}</var>
<arg>${LOCATOR_MESSAGE_INVALID}</arg>
<doc>Returns the text value of the element identified by ``locator``.</doc>
<status status="PASS" start="2026-03-26T12:22:49.602617" elapsed="0.019073"/>
</kw>
<return>
<value>${message}</value>
<status status="PASS" start="2026-03-26T12:22:49.621786" elapsed="0.000075"/>
</return>
<msg time="2026-03-26T12:22:49.622039" level="INFO">${message} = Invalid credentials</msg>
<var>${message}</var>
<status status="PASS" start="2026-03-26T12:22:47.233707" elapsed="2.388366"/>
</kw>
<kw name="Should Contain" owner="BuiltIn">
<arg>${message}</arg>
<arg>Invalid</arg>
<doc>Fails if ``container`` does not contain ``item`` one or more times.</doc>
<status status="PASS" start="2026-03-26T12:22:49.622255" elapsed="0.000507"/>
</kw>
<doc>Verifier la connexion avec des informations invalides</doc>
<status status="PASS" start="2026-03-26T12:22:47.232723" elapsed="2.390128"/>
</kw>
<kw name="Is Connected" owner="StepConnexion">
<kw name="Run Keyword And Return Status" owner="BuiltIn">
<kw name="Page Should Contain Element" owner="SeleniumLibrary">
<msg time="2026-03-26T12:22:54.652904" level="FAIL">Page should have contained element '//*[@class="oxd-topbar-header"]' but did not.</msg>
<arg>${LOCATOR_HEADER_BAR}</arg>
<doc>Verifies that element ``locator`` is found on the current page.</doc>
<status status="FAIL" start="2026-03-26T12:22:49.624032" elapsed="5.068675">Page should have contained element '//*[@class="oxd-topbar-header"]' but did not.</status>
</kw>
<msg time="2026-03-26T12:22:54.692888" level="INFO">${status} = False</msg>
<var>${status}</var>
<arg>Page Should Contain Element</arg>
<arg>${LOCATOR_HEADER_BAR}</arg>
<doc>Runs the specified keyword and returns the status as a Boolean value.</doc>
<status status="PASS" start="2026-03-26T12:22:49.623598" elapsed="5.069327"/>
</kw>
<return>
<value>${status}</value>
<status status="PASS" start="2026-03-26T12:22:54.693007" elapsed="0.000062"/>
</return>
<msg time="2026-03-26T12:22:54.693242" level="INFO">${is_connected} = False</msg>
<var>${is_connected}</var>
<status status="PASS" start="2026-03-26T12:22:49.623253" elapsed="5.070024"/>
</kw>
<kw name="Should Not Be True" owner="BuiltIn">
<arg>${is_connected}</arg>
<doc>Fails if the given condition is true.</doc>
<status status="PASS" start="2026-03-26T12:22:54.693660" elapsed="0.000469"/>
</kw>
<kw name="Test Teardown" owner="BaseTests" type="TEARDOWN">
<kw name="Log To Console" owner="BuiltIn">
<arg>==================================================================</arg>
<doc>Logs the given message to the console.</doc>
<status status="PASS" start="2026-03-26T12:22:54.694829" elapsed="0.000455"/>
</kw>
<kw name="Log To Console" owner="BuiltIn">
<arg>FIN DU TEST : ${TEST NAME}</arg>
<doc>Logs the given message to the console.</doc>
<status status="PASS" start="2026-03-26T12:22:54.695530" elapsed="0.000515"/>
</kw>
<kw name="Log To Console" owner="BuiltIn">
<arg>==================================================================</arg>
<doc>Logs the given message to the console.</doc>
<status status="PASS" start="2026-03-26T12:22:54.696304" elapsed="0.000450"/>
</kw>
<kw name="Close Browser" owner="SeleniumLibrary">
<doc>Closes the current browser.</doc>
<status status="PASS" start="2026-03-26T12:22:54.697019" elapsed="2.207951"/>
</kw>
<doc>Test Teardown</doc>
<status status="PASS" start="2026-03-26T12:22:54.694546" elapsed="2.210545"/>
</kw>
<doc>Se Connecter Compte Invalide</doc>
<tag>browser_chrome</tag>
<tag>test_negative</tag>
<tag>type_tnr</tag>
<status status="PASS" start="2026-03-26T12:22:42.757159" elapsed="14.148243"/>
</test>
<test id="s1-s2-t3" name="Se Connecter Sans Compte" line="31">
<kw name="Test Setup" owner="BaseTests" type="SETUP">
<kw name="Log To Console" owner="BuiltIn">
<arg>${EMPTY}</arg>
<doc>Logs the given message to the console.</doc>
<status status="PASS" start="2026-03-26T12:22:56.907334" elapsed="0.000857"/>
</kw>
<kw name="Log To Console" owner="BuiltIn">
<arg>==================================================================</arg>
<doc>Logs the given message to the console.</doc>
<status status="PASS" start="2026-03-26T12:22:56.908407" elapsed="0.000518"/>
</kw>
<kw name="Log To Console" owner="BuiltIn">
<arg>DEMARRAGE DU TEST : ${TEST NAME}</arg>
<doc>Logs the given message to the console.</doc>
<status status="PASS" start="2026-03-26T12:22:56.909141" elapsed="0.000553"/>
</kw>
<kw name="Log To Console" owner="BuiltIn">
<arg>BROWSER=${BROWSER}</arg>
<doc>Logs the given message to the console.</doc>
<status status="PASS" start="2026-03-26T12:22:56.909906" elapsed="0.000561"/>
</kw>
<kw name="Log To Console" owner="BuiltIn">
<arg>==================================================================</arg>
<doc>Logs the given message to the console.</doc>
<status status="PASS" start="2026-03-26T12:22:56.910641" elapsed="0.000481"/>
</kw>
<kw name="Register Keyword To Run On Failure" owner="SeleniumLibrary">
<msg time="2026-03-26T12:22:56.911650" level="INFO">No keyword will be run on failure.</msg>
<arg>NONE</arg>
<doc>Sets the keyword to execute, when a SeleniumLibrary keyword fails.</doc>
<status status="PASS" start="2026-03-26T12:22:56.911435" elapsed="0.000283"/>
</kw>
<kw name="Open Browser" owner="SeleniumLibrary">
<msg time="2026-03-26T12:22:56.912132" level="INFO">Opening browser 'chrome' to base url 'https://opensource-demo.orangehrmlive.com/'.</msg>
<arg>${BASE_URL}</arg>
<arg>${BROWSER}</arg>
<doc>Opens a new browser instance to the optional ``url``.</doc>
<status status="PASS" start="2026-03-26T12:22:56.911894" elapsed="2.032165"/>
</kw>
<kw name="Set Selenium Implicit Wait" owner="SeleniumLibrary">
<arg>${IMPLICIT_WAIT}</arg>
<doc>Sets the implicit wait value used by Selenium.</doc>
<status status="PASS" start="2026-03-26T12:22:58.944353" elapsed="0.010749"/>
</kw>
<kw name="Maximize Browser Window" owner="SeleniumLibrary">
<doc>Maximizes current browser window.</doc>
<status status="PASS" start="2026-03-26T12:22:58.955655" elapsed="1.592264"/>
</kw>
<doc>Test Setup</doc>
<status status="PASS" start="2026-03-26T12:22:56.907068" elapsed="3.641042"/>
</kw>
<kw name="Create Dictionary" owner="BuiltIn">
<msg time="2026-03-26T12:23:00.549553" level="INFO">&amp;{compte_vide} = { username="" | password="" }</msg>
<var>&amp;{compte_vide}</var>
<arg>username=""</arg>
<arg>password=""</arg>
<doc>Creates and returns a dictionary based on the given ``items``.</doc>
<status status="PASS" start="2026-03-26T12:23:00.548723" elapsed="0.000906"/>
</kw>
<kw name="Se Connecter" owner="StepConnexion">
<kw name="Log To Console" owner="BuiltIn">
<arg>Se connecter</arg>
<doc>Logs the given message to the console.</doc>
<status status="PASS" start="2026-03-26T12:23:00.550732" elapsed="0.000863"/>
</kw>
<kw name="Set Username" owner="PageConnexion">
<kw name="Input Text" owner="SeleniumLibrary">
<msg time="2026-03-26T12:23:00.552520" level="INFO">Typing text '""' into text field '//*[@name="username"]'.</msg>
<arg>${LOCATOR_INPUT_USERNAME}</arg>
<arg>${texte}</arg>
<doc>Types the given ``text`` into the text field identified by ``locator``.</doc>
<status status="PASS" start="2026-03-26T12:23:00.552263" elapsed="0.957162"/>
</kw>
<arg>${compte}[username]</arg>
<status status="PASS" start="2026-03-26T12:23:00.551899" elapsed="0.957666"/>
</kw>
<kw name="Set Password" owner="PageConnexion">
<kw name="Input Password" owner="SeleniumLibrary">
<msg time="2026-03-26T12:23:01.510554" level="INFO">Typing password into text field '//*[@name="password"]'.</msg>
<msg time="2026-03-26T12:23:01.548280" level="INFO">Temporally setting log level to: NONE</msg>
<arg>${LOCATOR_INPUT_PASSWORD}</arg>
<arg>${texte}</arg>
<doc>Types the given password into the text field identified by ``locator``.</doc>
<status status="PASS" start="2026-03-26T12:23:01.510269" elapsed="0.091860"/>
</kw>
<arg>${compte}[password]</arg>
<status status="PASS" start="2026-03-26T12:23:01.509854" elapsed="0.092419"/>
</kw>
<kw name="Login" owner="PageConnexion">
<kw name="Click Element" owner="SeleniumLibrary">
<msg time="2026-03-26T12:23:01.604010" level="INFO">Clicking element '//button[@type="submit"]'.</msg>
<arg>${LOCATOR_BUTTON_LOGIN}</arg>
<doc>Click the element identified by ``locator``.</doc>
<status status="PASS" start="2026-03-26T12:23:01.603498" elapsed="0.058300"/>
</kw>
<status status="PASS" start="2026-03-26T12:23:01.602711" elapsed="0.059246"/>
</kw>
<arg>${compte_vide}</arg>
<doc>Se Connecter</doc>
<status status="PASS" start="2026-03-26T12:23:00.550166" elapsed="1.111879"/>
</kw>
<kw name="Verifier Connexion Input Vide" owner="StepConnexion">
<kw name="Log To Console" owner="BuiltIn">
<arg>Verifier Connexion Vide</arg>
<doc>Logs the given message to the console.</doc>
<status status="PASS" start="2026-03-26T12:23:01.663687" elapsed="0.000577"/>
</kw>
<for flavor="IN">
<iter>
<if>
<branch type="IF" condition="'${input_value}' == ''">
<kw name="Convert To Upper Case" owner="String">
<var>${input_name_upper}</var>
<arg>${input_name}</arg>
<doc>Converts string to upper case.</doc>
<status status="NOT RUN" start="2026-03-26T12:23:01.665681" elapsed="0.000094"/>
</kw>
<kw name="Get required message" owner="PageConnexion">
<var>${message_locator}</var>
<arg>${input_name_upper}</arg>
<status status="NOT RUN" start="2026-03-26T12:23:01.666185" elapsed="0.000072"/>
</kw>
<kw name="Wait Until Element Contains" owner="SeleniumLibrary">
<arg>${message_locator}</arg>
<arg>Required</arg>
<doc>Waits until the element ``locator`` contains ``text``.</doc>
<status status="NOT RUN" start="2026-03-26T12:23:01.666417" elapsed="0.000041"/>
</kw>
<status status="NOT RUN" start="2026-03-26T12:23:01.664953" elapsed="0.001563"/>
</branch>
<status status="PASS" start="2026-03-26T12:23:01.664868" elapsed="0.001717"/>
</if>
<var name="${input_name}">username</var>
<var name="${input_value}">""</var>
<status status="PASS" start="2026-03-26T12:23:01.664768" elapsed="0.001858"/>
</iter>
<iter>
<if>
<branch type="IF" condition="'${input_value}' == ''">
<kw name="Convert To Upper Case" owner="String">
<var>${input_name_upper}</var>
<arg>${input_name}</arg>
<doc>Converts string to upper case.</doc>
<status status="NOT RUN" start="2026-03-26T12:23:01.667264" elapsed="0.000047"/>
</kw>
<kw name="Get required message" owner="PageConnexion">
<var>${message_locator}</var>
<arg>${input_name_upper}</arg>
<status status="NOT RUN" start="2026-03-26T12:23:01.667547" elapsed="0.000051"/>
</kw>
<kw name="Wait Until Element Contains" owner="SeleniumLibrary">
<arg>${message_locator}</arg>
<arg>Required</arg>
<doc>Waits until the element ``locator`` contains ``text``.</doc>
<status status="NOT RUN" start="2026-03-26T12:23:01.667748" elapsed="0.000039"/>
</kw>
<status status="NOT RUN" start="2026-03-26T12:23:01.666964" elapsed="0.000878"/>
</branch>
<status status="PASS" start="2026-03-26T12:23:01.666940" elapsed="0.000963"/>
</if>
<var name="${input_name}">password</var>
<var name="${input_value}">""</var>
<status status="PASS" start="2026-03-26T12:23:01.666867" elapsed="0.001074"/>
</iter>
<var>${input_name}</var>
<var>${input_value}</var>
<value>&amp;{compte}</value>
<status status="PASS" start="2026-03-26T12:23:01.664399" elapsed="0.003622"/>
</for>
<arg>${compte_vide}</arg>
<doc>Verifier la connexion sans informations utilisateurs</doc>
<status status="PASS" start="2026-03-26T12:23:01.663223" elapsed="0.004914"/>
</kw>
<kw name="Is Connected" owner="StepConnexion">
<kw name="Run Keyword And Return Status" owner="BuiltIn">
<kw name="Page Should Contain Element" owner="SeleniumLibrary">
<msg time="2026-03-26T12:23:07.597016" level="FAIL">Page should have contained element '//*[@class="oxd-topbar-header"]' but did not.</msg>
<arg>${LOCATOR_HEADER_BAR}</arg>
<doc>Verifies that element ``locator`` is found on the current page.</doc>
<status status="FAIL" start="2026-03-26T12:23:01.670735" elapsed="5.927337">Page should have contained element '//*[@class="oxd-topbar-header"]' but did not.</status>
</kw>
<msg time="2026-03-26T12:23:07.598234" level="INFO">${status} = False</msg>
<var>${status}</var>
<arg>Page Should Contain Element</arg>
<arg>${LOCATOR_HEADER_BAR}</arg>
<doc>Runs the specified keyword and returns the status as a Boolean value.</doc>
<status status="PASS" start="2026-03-26T12:23:01.670027" elapsed="5.928242"/>
</kw>
<return>
<value>${status}</value>
<status status="PASS" start="2026-03-26T12:23:07.598346" elapsed="0.000047"/>
</return>
<msg time="2026-03-26T12:23:07.598550" level="INFO">${is_connected} = False</msg>
<var>${is_connected}</var>
<status status="PASS" start="2026-03-26T12:23:01.669296" elapsed="5.929286"/>
</kw>
<kw name="Should Not Be True" owner="BuiltIn">
<arg>${is_connected}</arg>
<doc>Fails if the given condition is true.</doc>
<status status="PASS" start="2026-03-26T12:23:07.598970" elapsed="0.000462"/>
</kw>
<kw name="Test Teardown" owner="BaseTests" type="TEARDOWN">
<kw name="Log To Console" owner="BuiltIn">
<arg>==================================================================</arg>
<doc>Logs the given message to the console.</doc>
<status status="PASS" start="2026-03-26T12:23:07.600117" elapsed="0.000475"/>
</kw>
<kw name="Log To Console" owner="BuiltIn">
<arg>FIN DU TEST : ${TEST NAME}</arg>
<doc>Logs the given message to the console.</doc>
<status status="PASS" start="2026-03-26T12:23:07.600802" elapsed="0.000527"/>
</kw>
<kw name="Log To Console" owner="BuiltIn">
<arg>==================================================================</arg>
<doc>Logs the given message to the console.</doc>
<status status="PASS" start="2026-03-26T12:23:07.601552" elapsed="0.000558"/>
</kw>
<kw name="Close Browser" owner="SeleniumLibrary">
<doc>Closes the current browser.</doc>
<status status="PASS" start="2026-03-26T12:23:07.602375" elapsed="2.214992"/>
</kw>
<doc>Test Teardown</doc>
<status status="PASS" start="2026-03-26T12:23:07.599844" elapsed="2.217647"/>
</kw>
<doc>Se Connecter Compte Vide</doc>
<tag>browser_chrome</tag>
<tag>test_negative</tag>
<tag>type_tnr</tag>
<status status="PASS" start="2026-03-26T12:22:56.906466" elapsed="12.911342"/>
</test>
<test id="s1-s2-t4" name="Se déconnecter" line="40">
<kw name="Test Setup" owner="BaseTests" type="SETUP">
<kw name="Log To Console" owner="BuiltIn">
<arg>${EMPTY}</arg>
<doc>Logs the given message to the console.</doc>
<status status="PASS" start="2026-03-26T12:23:09.819678" elapsed="0.000854"/>
</kw>
<kw name="Log To Console" owner="BuiltIn">
<arg>==================================================================</arg>
<doc>Logs the given message to the console.</doc>
<status status="PASS" start="2026-03-26T12:23:09.820743" elapsed="0.000514"/>
</kw>
<kw name="Log To Console" owner="BuiltIn">
<arg>DEMARRAGE DU TEST : ${TEST NAME}</arg>
<doc>Logs the given message to the console.</doc>
<status status="PASS" start="2026-03-26T12:23:09.821500" elapsed="0.000554"/>
</kw>
<kw name="Log To Console" owner="BuiltIn">
<arg>BROWSER=${BROWSER}</arg>
<doc>Logs the given message to the console.</doc>
<status status="PASS" start="2026-03-26T12:23:09.822292" elapsed="0.000546"/>
</kw>
<kw name="Log To Console" owner="BuiltIn">
<arg>==================================================================</arg>
<doc>Logs the given message to the console.</doc>
<status status="PASS" start="2026-03-26T12:23:09.823047" elapsed="0.000407"/>
</kw>
<kw name="Register Keyword To Run On Failure" owner="SeleniumLibrary">
<msg time="2026-03-26T12:23:09.823915" level="INFO">No keyword will be run on failure.</msg>
<arg>NONE</arg>
<doc>Sets the keyword to execute, when a SeleniumLibrary keyword fails.</doc>
<status status="PASS" start="2026-03-26T12:23:09.823708" elapsed="0.000278"/>
</kw>
<kw name="Open Browser" owner="SeleniumLibrary">
<msg time="2026-03-26T12:23:09.824395" level="INFO">Opening browser 'chrome' to base url 'https://opensource-demo.orangehrmlive.com/'.</msg>
<arg>${BASE_URL}</arg>
<arg>${BROWSER}</arg>
<doc>Opens a new browser instance to the optional ``url``.</doc>
<status status="PASS" start="2026-03-26T12:23:09.824158" elapsed="3.087982"/>
</kw>
<kw name="Set Selenium Implicit Wait" owner="SeleniumLibrary">
<arg>${IMPLICIT_WAIT}</arg>
<doc>Sets the implicit wait value used by Selenium.</doc>
<status status="PASS" start="2026-03-26T12:23:12.912360" elapsed="0.001284"/>
</kw>
<kw name="Maximize Browser Window" owner="SeleniumLibrary">
<doc>Maximizes current browser window.</doc>
<status status="PASS" start="2026-03-26T12:23:12.913799" elapsed="0.028898"/>
</kw>
<doc>Test Setup</doc>
<status status="PASS" start="2026-03-26T12:23:09.819408" elapsed="3.123427"/>
</kw>
<kw name="Is Connected" owner="StepConnexion">
<kw name="Run Keyword And Return Status" owner="BuiltIn">
<kw name="Page Should Contain Element" owner="SeleniumLibrary">
<msg time="2026-03-26T12:23:17.992835" level="FAIL">Page should have contained element '//*[@class="oxd-topbar-header"]' but did not.</msg>
<arg>${LOCATOR_HEADER_BAR}</arg>
<doc>Verifies that element ``locator`` is found on the current page.</doc>
<status status="FAIL" start="2026-03-26T12:23:12.945053" elapsed="5.048785">Page should have contained element '//*[@class="oxd-topbar-header"]' but did not.</status>
</kw>
<msg time="2026-03-26T12:23:17.993992" level="INFO">${status} = False</msg>
<var>${status}</var>
<arg>Page Should Contain Element</arg>
<arg>${LOCATOR_HEADER_BAR}</arg>
<doc>Runs the specified keyword and returns the status as a Boolean value.</doc>
<status status="PASS" start="2026-03-26T12:23:12.944333" elapsed="5.049693"/>
</kw>
<return>
<value>${status}</value>
<status status="PASS" start="2026-03-26T12:23:17.994102" elapsed="0.000047"/>
</return>
<msg time="2026-03-26T12:23:17.994304" level="INFO">${connected} = False</msg>
<var>${connected}</var>
<status status="PASS" start="2026-03-26T12:23:12.943591" elapsed="5.050746"/>
</kw>
<if>
<branch type="IF" condition="not ${connected}">
<kw name="Run Keyword" owner="BuiltIn">
<kw name="Se Connecter" owner="StepConnexion">
<kw name="Log To Console" owner="BuiltIn">
<arg>Se connecter</arg>
<doc>Logs the given message to the console.</doc>
<status status="PASS" start="2026-03-26T12:23:17.995793" elapsed="0.000448"/>
</kw>
<kw name="Set Username" owner="PageConnexion">
<kw name="Input Text" owner="SeleniumLibrary">
<msg time="2026-03-26T12:23:17.997107" level="INFO">Typing text 'Admin' into text field '//*[@name="username"]'.</msg>
<arg>${LOCATOR_INPUT_USERNAME}</arg>
<arg>${texte}</arg>
<doc>Types the given ``text`` into the text field identified by ``locator``.</doc>
<status status="PASS" start="2026-03-26T12:23:17.996873" elapsed="0.090364"/>
</kw>
<arg>${compte}[username]</arg>
<status status="PASS" start="2026-03-26T12:23:17.996574" elapsed="0.090790"/>
</kw>
<kw name="Set Password" owner="PageConnexion">
<kw name="Input Password" owner="SeleniumLibrary">
<msg time="2026-03-26T12:23:18.088405" level="INFO">Typing password into text field '//*[@name="password"]'.</msg>
<msg time="2026-03-26T12:23:18.122019" level="INFO">Temporally setting log level to: NONE</msg>
<arg>${LOCATOR_INPUT_PASSWORD}</arg>
<arg>${texte}</arg>
<doc>Types the given password into the text field identified by ``locator``.</doc>
<status status="PASS" start="2026-03-26T12:23:18.088155" elapsed="0.083363"/>
</kw>
<arg>${compte}[password]</arg>
<status status="PASS" start="2026-03-26T12:23:18.087575" elapsed="0.084071"/>
</kw>
<kw name="Login" owner="PageConnexion">
<kw name="Click Element" owner="SeleniumLibrary">
<msg time="2026-03-26T12:23:18.172358" level="INFO">Clicking element '//button[@type="submit"]'.</msg>
<arg>${LOCATOR_BUTTON_LOGIN}</arg>
<doc>Click the element identified by ``locator``.</doc>
<status status="PASS" start="2026-03-26T12:23:18.172136" elapsed="0.053544"/>
</kw>
<status status="PASS" start="2026-03-26T12:23:18.171852" elapsed="0.053980"/>
</kw>
<arg>${COMPTE}</arg>
<doc>Se Connecter</doc>
<status status="PASS" start="2026-03-26T12:23:17.995491" elapsed="0.230430"/>
</kw>
<arg>StepConnexion.Se Connecter</arg>
<arg>${COMPTE}</arg>
<doc>Executes the given keyword with the given arguments.</doc>
<status status="PASS" start="2026-03-26T12:23:17.995025" elapsed="0.230982"/>
</kw>
<kw name="Run Keyword" owner="BuiltIn">
<kw name="Verifier Connexion Ok" owner="StepConnexion">
<kw name="Log To Console" owner="BuiltIn">
<arg>Verifier Connexion Ok</arg>
<doc>Logs the given message to the console.</doc>
<status status="PASS" start="2026-03-26T12:23:18.227291" elapsed="0.000556"/>
</kw>
<kw name="Check Connection" owner="BasePages">
<kw name="Wait Until Page Contains Element" owner="SeleniumLibrary">
<arg>${LOCATOR_HEADER_BAR}</arg>
<doc>Waits until the element ``locator`` appears on the current page.</doc>
<status status="PASS" start="2026-03-26T12:23:18.228510" elapsed="1.973463"/>
</kw>
<kw name="Wait Until Location Does Not Contain" owner="SeleniumLibrary">
<arg>/login</arg>
<doc>Waits until the current URL does not contains ``location``.</doc>
<status status="PASS" start="2026-03-26T12:23:20.202231" elapsed="0.007686"/>
</kw>
<status status="PASS" start="2026-03-26T12:23:18.228193" elapsed="1.981855"/>
</kw>
<doc>Verifier Connexion Ok</doc>
<status status="PASS" start="2026-03-26T12:23:18.226863" elapsed="1.983270"/>
</kw>
<arg>StepConnexion.Verifier Connexion Ok</arg>
<doc>Executes the given keyword with the given arguments.</doc>
<status status="PASS" start="2026-03-26T12:23:18.226189" elapsed="1.984023"/>
</kw>
<status status="PASS" start="2026-03-26T12:23:17.994690" elapsed="2.215578"/>
</branch>
<status status="PASS" start="2026-03-26T12:23:17.994646" elapsed="2.215679"/>
</if>
<kw name="Se Deconnecter" owner="StepConnexion">
<kw name="Log To Console" owner="BuiltIn">
<arg>Se Deconnecter</arg>
<doc>Logs the given message to the console.</doc>
<status status="PASS" start="2026-03-26T12:23:20.211049" elapsed="0.000820"/>
</kw>
<kw name="Logout" owner="BasePages">
<kw name="Click Element" owner="SeleniumLibrary">
<msg time="2026-03-26T12:23:20.212713" level="INFO">Clicking element '//*[@class="oxd-userdropdown-tab"]'.</msg>
<arg>${LOCATOR_DROPDOWN_USER}</arg>
<doc>Click the element identified by ``locator``.</doc>
<status status="PASS" start="2026-03-26T12:23:20.212463" elapsed="0.079579"/>
</kw>
<kw name="Wait Until Element Is Visible" owner="SeleniumLibrary">
<arg>${LOCATOR_LOGOUT_ITEM}</arg>
<doc>Waits until the element ``locator`` is visible.</doc>
<status status="PASS" start="2026-03-26T12:23:20.292278" elapsed="0.237186"/>
</kw>
<kw name="Click Element" owner="SeleniumLibrary">
<msg time="2026-03-26T12:23:20.529908" level="INFO">Clicking element '//*[@class="--active oxd-userdropdown"]//li[4]'.</msg>
<arg>${LOCATOR_LOGOUT_ITEM}</arg>
<doc>Click the element identified by ``locator``.</doc>
<status status="PASS" start="2026-03-26T12:23:20.529665" elapsed="3.162618"/>
</kw>
<kw name="Wait Until Location Contains" owner="SeleniumLibrary">
<arg>/login</arg>
<arg>message=La déconnexion a échoué</arg>
<doc>Waits until the current URL contains ``expected``.</doc>
<status status="PASS" start="2026-03-26T12:23:23.692493" elapsed="0.003346"/>
</kw>
<status status="PASS" start="2026-03-26T12:23:20.212141" elapsed="3.483825"/>
</kw>
<doc>Se Deconnecter</doc>
<status status="PASS" start="2026-03-26T12:23:20.210715" elapsed="3.485329"/>
</kw>
<kw name="Test Teardown" owner="BaseTests" type="TEARDOWN">
<kw name="Log To Console" owner="BuiltIn">
<arg>==================================================================</arg>
<doc>Logs the given message to the console.</doc>
<status status="PASS" start="2026-03-26T12:23:23.697155" elapsed="0.000643"/>
</kw>
<kw name="Log To Console" owner="BuiltIn">
<arg>FIN DU TEST : ${TEST NAME}</arg>
<doc>Logs the given message to the console.</doc>
<status status="PASS" start="2026-03-26T12:23:23.698031" elapsed="0.000746"/>
</kw>
<kw name="Log To Console" owner="BuiltIn">
<arg>==================================================================</arg>
<doc>Logs the given message to the console.</doc>
<status status="PASS" start="2026-03-26T12:23:23.698960" elapsed="0.000937"/>
</kw>
<kw name="Close Browser" owner="SeleniumLibrary">
<doc>Closes the current browser.</doc>
<status status="PASS" start="2026-03-26T12:23:23.700200" elapsed="2.251040"/>
</kw>
<doc>Test Teardown</doc>
<status status="PASS" start="2026-03-26T12:23:23.696835" elapsed="2.254523"/>
</kw>
<doc>Se déconnecter</doc>
<tag>browser_chrome</tag>
<tag>test_positive</tag>
<tag>type_tnr</tag>
<status status="PASS" start="2026-03-26T12:23:09.818833" elapsed="16.132837"/>
</test>
<kw name="Suite Teardown" owner="BaseTests" type="TEARDOWN">
<kw name="Log To Console" owner="BuiltIn">
<arg>${EMPTY}</arg>
<doc>Logs the given message to the console.</doc>
<status status="PASS" start="2026-03-26T12:23:25.953182" elapsed="0.000880"/>
</kw>
<doc>Suite Teardown</doc>
<status status="PASS" start="2026-03-26T12:23:25.952969" elapsed="0.001222"/>
</kw>
<doc>Suite Authentification</doc>
<status status="PASS" start="2026-03-26T12:22:34.965378" elapsed="50.988898"/>
</suite>
<suite id="s1-s3" name="TS GESTION EMPLOYE" source="C:\Users\fanle\Documents\Formation SOGETI\z-EDC\projet\projet_tutore_LECLERC_FANNY\tests\TS_GESTION_EMPLOYE.robot">
<kw name="Suite Setup" owner="BaseTests" type="SETUP">
<kw name="Create Dictionary" owner="BuiltIn">
<msg time="2026-03-26T12:23:25.995343" level="INFO">${compte} = {'username': 'Admin', 'password': 'admin123'}</msg>
<var>${compte}</var>
<arg>username=${USER_NAME}</arg>
<arg>password=${PASSWORD}</arg>
<doc>Creates and returns a dictionary based on the given ``items``.</doc>
<status status="PASS" start="2026-03-26T12:23:25.994876" elapsed="0.000507"/>
</kw>
<kw name="Set Global Variable" owner="BuiltIn">
<msg time="2026-03-26T12:23:25.995890" level="INFO">${COMPTE} = {'username': 'Admin', 'password': 'admin123'}</msg>
<arg>${COMPTE}</arg>
<arg>${compte}</arg>
<doc>Makes a variable available globally in all tests and suites.</doc>
<status status="PASS" start="2026-03-26T12:23:25.995537" elapsed="0.000408"/>
</kw>
<kw name="Set Log Level" owner="BuiltIn">
<arg>INFO</arg>
<doc>Sets the log threshold to the specified level.</doc>
<status status="PASS" start="2026-03-26T12:23:25.996078" elapsed="0.000372"/>
</kw>
<doc>Suite Setup</doc>
<status status="PASS" start="2026-03-26T12:23:25.994441" elapsed="0.002093"/>
</kw>
<test id="s1-s3-t1" name="Ajouter Un Employe Ok" line="18">
<kw name="Test Setup" owner="BaseTests" type="SETUP">
<kw name="Log To Console" owner="BuiltIn">
<arg>${EMPTY}</arg>
<doc>Logs the given message to the console.</doc>
<status status="PASS" start="2026-03-26T12:23:25.997476" elapsed="0.001155"/>
</kw>
<kw name="Log To Console" owner="BuiltIn">
<arg>==================================================================</arg>
<doc>Logs the given message to the console.</doc>
<status status="PASS" start="2026-03-26T12:23:25.998876" elapsed="0.000545"/>
</kw>
<kw name="Log To Console" owner="BuiltIn">
<arg>DEMARRAGE DU TEST : ${TEST NAME}</arg>
<doc>Logs the given message to the console.</doc>
<status status="PASS" start="2026-03-26T12:23:25.999609" elapsed="0.000633"/>
</kw>
<kw name="Log To Console" owner="BuiltIn">
<arg>BROWSER=${BROWSER}</arg>
<doc>Logs the given message to the console.</doc>
<status status="PASS" start="2026-03-26T12:23:26.000483" elapsed="0.000870"/>
</kw>
<kw name="Log To Console" owner="BuiltIn">
<arg>==================================================================</arg>
<doc>Logs the given message to the console.</doc>
<status status="PASS" start="2026-03-26T12:23:26.001673" elapsed="0.000710"/>
</kw>
<kw name="Register Keyword To Run On Failure" owner="SeleniumLibrary">
<msg time="2026-03-26T12:23:26.002946" level="INFO">No keyword will be run on failure.</msg>
<arg>NONE</arg>
<doc>Sets the keyword to execute, when a SeleniumLibrary keyword fails.</doc>
<status status="PASS" start="2026-03-26T12:23:26.002705" elapsed="0.000303"/>
</kw>
<kw name="Open Browser" owner="SeleniumLibrary">
<msg time="2026-03-26T12:23:26.003437" level="INFO">Opening browser 'chrome' to base url 'https://opensource-demo.orangehrmlive.com/'.</msg>
<arg>${BASE_URL}</arg>
<arg>${BROWSER}</arg>
<doc>Opens a new browser instance to the optional ``url``.</doc>
<status status="PASS" start="2026-03-26T12:23:26.003180" elapsed="2.108234"/>
</kw>
<kw name="Set Selenium Implicit Wait" owner="SeleniumLibrary">
<arg>${IMPLICIT_WAIT}</arg>
<doc>Sets the implicit wait value used by Selenium.</doc>
<status status="PASS" start="2026-03-26T12:23:28.111884" elapsed="0.010799"/>
</kw>
<kw name="Maximize Browser Window" owner="SeleniumLibrary">
<doc>Maximizes current browser window.</doc>
<status status="PASS" start="2026-03-26T12:23:28.122917" elapsed="1.625623"/>
</kw>
<doc>Test Setup</doc>
<status status="PASS" start="2026-03-26T12:23:25.997222" elapsed="3.751492"/>
</kw>
<kw name="Is Connected" owner="StepConnexion">
<kw name="Run Keyword And Return Status" owner="BuiltIn">
<kw name="Page Should Contain Element" owner="SeleniumLibrary">
<msg time="2026-03-26T12:23:34.758648" level="FAIL">Page should have contained element '//*[@class="oxd-topbar-header"]' but did not.</msg>
<arg>${LOCATOR_HEADER_BAR}</arg>
<doc>Verifies that element ``locator`` is found on the current page.</doc>
<status status="FAIL" start="2026-03-26T12:23:29.750575" elapsed="5.009102">Page should have contained element '//*[@class="oxd-topbar-header"]' but did not.</status>
</kw>
<msg time="2026-03-26T12:23:34.759833" level="INFO">${status} = False</msg>
<var>${status}</var>
<arg>Page Should Contain Element</arg>
<arg>${LOCATOR_HEADER_BAR}</arg>
<doc>Runs the specified keyword and returns the status as a Boolean value.</doc>
<status status="PASS" start="2026-03-26T12:23:29.750015" elapsed="5.009852"/>
</kw>
<return>
<value>${status}</value>
<status status="PASS" start="2026-03-26T12:23:34.759943" elapsed="0.000051"/>
</return>
<msg time="2026-03-26T12:23:34.760152" level="INFO">${connected} = False</msg>
<var>${connected}</var>
<status status="PASS" start="2026-03-26T12:23:29.749308" elapsed="5.010878"/>
</kw>
<if>
<branch type="IF" condition="not ${connected}">
<kw name="Run Keyword" owner="BuiltIn">
<kw name="Se Connecter" owner="StepConnexion">
<kw name="Log To Console" owner="BuiltIn">
<arg>Se connecter</arg>
<doc>Logs the given message to the console.</doc>
<status status="PASS" start="2026-03-26T12:23:34.761645" elapsed="0.000451"/>
</kw>
<kw name="Set Username" owner="PageConnexion">
<kw name="Input Text" owner="SeleniumLibrary">
<msg time="2026-03-26T12:23:34.762963" level="INFO">Typing text 'Admin' into text field '//*[@name="username"]'.</msg>
<arg>${LOCATOR_INPUT_USERNAME}</arg>
<arg>${texte}</arg>
<doc>Types the given ``text`` into the text field identified by ``locator``.</doc>
<status status="PASS" start="2026-03-26T12:23:34.762730" elapsed="0.092322"/>
</kw>
<arg>${compte}[username]</arg>
<status status="PASS" start="2026-03-26T12:23:34.762425" elapsed="0.092761"/>
</kw>
<kw name="Set Password" owner="PageConnexion">
<kw name="Input Password" owner="SeleniumLibrary">
<msg time="2026-03-26T12:23:34.856140" level="INFO">Typing password into text field '//*[@name="password"]'.</msg>
<msg time="2026-03-26T12:23:34.887679" level="INFO">Temporally setting log level to: NONE</msg>
<arg>${LOCATOR_INPUT_PASSWORD}</arg>
<arg>${texte}</arg>
<doc>Types the given password into the text field identified by ``locator``.</doc>
<status status="PASS" start="2026-03-26T12:23:34.855800" elapsed="0.080987"/>
</kw>
<arg>${compte}[password]</arg>
<status status="PASS" start="2026-03-26T12:23:34.855414" elapsed="0.081499"/>
</kw>
<kw name="Login" owner="PageConnexion">
<kw name="Click Element" owner="SeleniumLibrary">
<msg time="2026-03-26T12:23:34.937641" level="INFO">Clicking element '//button[@type="submit"]'.</msg>
<arg>${LOCATOR_BUTTON_LOGIN}</arg>
<doc>Click the element identified by ``locator``.</doc>
<status status="PASS" start="2026-03-26T12:23:34.937417" elapsed="0.055820"/>
</kw>
<status status="PASS" start="2026-03-26T12:23:34.937128" elapsed="0.056334"/>
</kw>
<arg>${COMPTE}</arg>
<doc>Se Connecter</doc>
<status status="PASS" start="2026-03-26T12:23:34.761340" elapsed="0.232214"/>
</kw>
<arg>StepConnexion.Se Connecter</arg>
<arg>${COMPTE}</arg>
<doc>Executes the given keyword with the given arguments.</doc>
<status status="PASS" start="2026-03-26T12:23:34.760870" elapsed="0.232772"/>
</kw>
<kw name="Run Keyword" owner="BuiltIn">
<kw name="Verifier Connexion Ok" owner="StepConnexion">
<kw name="Log To Console" owner="BuiltIn">
<arg>Verifier Connexion Ok</arg>
<doc>Logs the given message to the console.</doc>
<status status="PASS" start="2026-03-26T12:23:34.995062" elapsed="0.000501"/>
</kw>
<kw name="Check Connection" owner="BasePages">
<kw name="Wait Until Page Contains Element" owner="SeleniumLibrary">
<arg>${LOCATOR_HEADER_BAR}</arg>
<doc>Waits until the element ``locator`` appears on the current page.</doc>
<status status="PASS" start="2026-03-26T12:23:34.996284" elapsed="1.693730"/>
</kw>
<kw name="Wait Until Location Does Not Contain" owner="SeleniumLibrary">
<arg>/login</arg>
<doc>Waits until the current URL does not contains ``location``.</doc>
<status status="PASS" start="2026-03-26T12:23:36.690336" elapsed="0.003832"/>
</kw>
<status status="PASS" start="2026-03-26T12:23:34.995968" elapsed="1.698332"/>
</kw>
<doc>Verifier Connexion Ok</doc>
<status status="PASS" start="2026-03-26T12:23:34.994483" elapsed="1.699900"/>
</kw>
<arg>StepConnexion.Verifier Connexion Ok</arg>
<doc>Executes the given keyword with the given arguments.</doc>
<status status="PASS" start="2026-03-26T12:23:34.993868" elapsed="1.700604"/>
</kw>
<status status="PASS" start="2026-03-26T12:23:34.760532" elapsed="1.933993"/>
</branch>
<status status="PASS" start="2026-03-26T12:23:34.760500" elapsed="1.934080"/>
</if>
<kw name="Naviguer Page Ajout Employe" owner="StepAjoutEmploye">
<kw name="Go To AddEmployee Page" owner="PageAjoutEmploye">
<kw name="Go to Page" owner="BasePages">
<kw name="Go To" owner="SeleniumLibrary">
<msg time="2026-03-26T12:23:36.696104" level="INFO">Opening url 'https://opensource-demo.orangehrmlive.com/web/index.php/pim/addEmployee'</msg>
<arg>${BASE_URL}${END_URL}</arg>
<doc>Navigates the current browser window to the provided ``url``.</doc>
<status status="PASS" start="2026-03-26T12:23:36.695921" elapsed="0.890915"/>
</kw>
<arg>${URL}</arg>
<status status="PASS" start="2026-03-26T12:23:36.695618" elapsed="0.891356"/>
</kw>
<kw name="Wait Until Page Contains Element" owner="SeleniumLibrary">
<arg>${LOCATOR_MAIN_TITLE}</arg>
<arg>timeout=10s</arg>
<doc>Waits until the element ``locator`` appears on the current page.</doc>
<status status="PASS" start="2026-03-26T12:23:37.587158" elapsed="0.591846"/>
</kw>
<status status="PASS" start="2026-03-26T12:23:36.695331" elapsed="1.483804"/>
</kw>
<kw name="Get Page Title Text" owner="PageAjoutEmploye">
<kw name="Get Text" owner="SeleniumLibrary">
<msg time="2026-03-26T12:23:38.201758" level="INFO">${actual_title} = Add Employee</msg>
<var>${actual_title}</var>
<arg>${LOCATOR_MAIN_TITLE}</arg>
<doc>Returns the text value of the element identified by ``locator``.</doc>
<status status="PASS" start="2026-03-26T12:23:38.179723" elapsed="0.022091"/>
</kw>
<return>
<value>${actual_title}</value>
<status status="PASS" start="2026-03-26T12:23:38.201914" elapsed="0.000061"/>
</return>
<msg time="2026-03-26T12:23:38.202156" level="INFO">${actual_title} = Add Employee</msg>
<var>${actual_title}</var>
<status status="PASS" start="2026-03-26T12:23:38.179362" elapsed="0.022830"/>
</kw>
<kw name="Should Be Equal As Strings" owner="BuiltIn">
<arg>${actual_title}</arg>
<arg>Add Employee</arg>
<doc>Fails if objects are unequal after converting them to strings.</doc>
<status status="PASS" start="2026-03-26T12:23:38.202356" elapsed="0.000402"/>
</kw>
<doc>Se Rendre sur la page pour modifier le mot de passe utilisateur</doc>
<status status="PASS" start="2026-03-26T12:23:36.694967" elapsed="1.507882"/>
</kw>
<kw name="Create Dictionary" owner="BuiltIn">
<msg time="2026-03-26T12:23:38.203616" level="INFO">${employee} = {'firstName': 'John', 'lastName': 'Smith'}</msg>
<var>${employee}</var>
<arg>firstName=John</arg>
<arg>lastName=Smith</arg>
<doc>Creates and returns a dictionary based on the given ``items``.</doc>
<status status="PASS" start="2026-03-26T12:23:38.203168" elapsed="0.000502"/>
</kw>
<kw name="Remplir les champs du formulaire" owner="StepAjoutEmploye">
<kw name="Log To Console" owner="BuiltIn">
<arg>Remplir les champs du formulaire pour ajouter un employe</arg>
<doc>Logs the given message to the console.</doc>
<status status="PASS" start="2026-03-26T12:23:38.204573" elapsed="0.000559"/>
</kw>
<kw name="Set FirstName" owner="PageAjoutEmploye">
<kw name="Input Text" owner="SeleniumLibrary">
<msg time="2026-03-26T12:23:38.206231" level="INFO">Typing text 'John' into text field '//input[@name="firstName"]'.</msg>
<arg>${LOCATOR_INPUT_FIRSTNAME}</arg>
<arg>${texte}</arg>
<doc>Types the given ``text`` into the text field identified by ``locator``.</doc>
<status status="PASS" start="2026-03-26T12:23:38.205846" elapsed="0.083731"/>
</kw>
<arg>${employee}[firstName]</arg>
<status status="PASS" start="2026-03-26T12:23:38.205420" elapsed="0.084895"/>
</kw>
<kw name="Set LastName" owner="PageAjoutEmploye">
<kw name="Input Text" owner="SeleniumLibrary">
<msg time="2026-03-26T12:23:38.291206" level="INFO">Typing text 'Smith' into text field '//input[@name="lastName"]'.</msg>
<arg>${LOCATOR_INPUT_LASTNAME}</arg>
<arg>${texte}</arg>
<doc>Types the given ``text`` into the text field identified by ``locator``.</doc>
<status status="PASS" start="2026-03-26T12:23:38.290950" elapsed="0.071127"/>
</kw>
<arg>${employee}[lastName]</arg>
<status status="PASS" start="2026-03-26T12:23:38.290555" elapsed="0.071660"/>
</kw>
<kw name="Clear Id Input" owner="PageAjoutEmploye">
<kw name="Clear Element Text" owner="SeleniumLibrary">
<arg>${LOCATOR_INPUT_ID}</arg>
<doc>Clears the value of the text-input-element identified by ``locator``.</doc>
<status status="PASS" start="2026-03-26T12:23:38.362771" elapsed="0.033060"/>
</kw>
<status status="PASS" start="2026-03-26T12:23:38.362441" elapsed="0.033765"/>
</kw>
<kw name="Save Change" owner="PageAjoutEmploye">
<kw name="Wait Until Element Is Visible" owner="SeleniumLibrary">
<arg>${LOCATOR_BUTTON_SAVE}</arg>
<doc>Waits until the element ``locator`` is visible.</doc>
<status status="PASS" start="2026-03-26T12:23:38.397829" elapsed="0.034124"/>
</kw>
<kw name="Click Element" owner="SeleniumLibrary">
<msg time="2026-03-26T12:23:38.432424" level="INFO">Clicking element '//button[@type="submit"]'.</msg>
<arg>${LOCATOR_BUTTON_SAVE}</arg>
<doc>Click the element identified by ``locator``.</doc>
<status status="PASS" start="2026-03-26T12:23:38.432167" elapsed="0.263204"/>
</kw>
<status status="PASS" start="2026-03-26T12:23:38.397334" elapsed="0.298197"/>
</kw>
<arg>${employee}</arg>
<doc>Remplir les champs du formulaire avec Nom et Prénom</doc>
<status status="PASS" start="2026-03-26T12:23:38.204149" elapsed="0.491454"/>
</kw>
<kw name="Verifier Succes Ajout Employe" owner="StepAjoutEmploye">
<kw name="Log To Console" owner="BuiltIn">
<arg>Verifier ajout d'un employe</arg>
<doc>Logs the given message to the console.</doc>
<status status="PASS" start="2026-03-26T12:23:38.696703" elapsed="0.001284"/>
</kw>
<kw name="Get Succes Message" owner="BasePages">
<kw name="Wait Until Element Is Visible" owner="SeleniumLibrary">
<arg>${LOCATOR_SUCCESS_MESSAGE}</arg>
<doc>Waits until the element ``locator`` is visible.</doc>
<status status="PASS" start="2026-03-26T12:23:38.698666" elapsed="1.617267"/>
</kw>
<kw name="Get Text" owner="SeleniumLibrary">
<msg time="2026-03-26T12:23:40.360569" level="INFO">${message} = Success</msg>
<var>${message}</var>
<arg>${LOCATOR_SUCCESS_MESSAGE}</arg>
<doc>Returns the text value of the element identified by ``locator``.</doc>
<status status="PASS" start="2026-03-26T12:23:40.316153" elapsed="0.044473"/>
</kw>
<return>
<value>${message}</value>
<status status="PASS" start="2026-03-26T12:23:40.360725" elapsed="0.000056"/>
</return>
<msg time="2026-03-26T12:23:40.360964" level="INFO">${message} = Success</msg>
<var>${message}</var>
<status status="PASS" start="2026-03-26T12:23:38.698339" elapsed="1.662664"/>
</kw>
<kw name="Should Contain" owner="BuiltIn">
<arg>${message}</arg>
<arg>Success</arg>
<doc>Fails if ``container`` does not contain ``item`` one or more times.</doc>
<status status="PASS" start="2026-03-26T12:23:40.361169" elapsed="0.000404"/>
</kw>
<doc>Verifier que l'ajout a été un succès</doc>
<status status="PASS" start="2026-03-26T12:23:38.696109" elapsed="1.665616"/>
</kw>
<kw name="Test Teardown" owner="BaseTests" type="TEARDOWN">
<kw name="Log To Console" owner="BuiltIn">
<arg>==================================================================</arg>
<doc>Logs the given message to the console.</doc>
<status status="PASS" start="2026-03-26T12:23:40.364217" elapsed="0.000688"/>
</kw>
<kw name="Log To Console" owner="BuiltIn">
<arg>FIN DU TEST : ${TEST NAME}</arg>
<doc>Logs the given message to the console.</doc>
<status status="PASS" start="2026-03-26T12:23:40.365137" elapsed="0.000527"/>
</kw>
<kw name="Log To Console" owner="BuiltIn">
<arg>==================================================================</arg>
<doc>Logs the given message to the console.</doc>
<status status="PASS" start="2026-03-26T12:23:40.365872" elapsed="0.000494"/>
</kw>
<kw name="Close Browser" owner="SeleniumLibrary">
<doc>Closes the current browser.</doc>
<status status="PASS" start="2026-03-26T12:23:40.366574" elapsed="2.324904"/>
</kw>
<doc>Test Teardown</doc>
<status status="PASS" start="2026-03-26T12:23:40.363677" elapsed="2.327930"/>
</kw>
<doc>Ajouter un employe ok</doc>
<tag>browser_chrome</tag>
<tag>test_positive</tag>
<tag>type_tnr</tag>
<status status="PASS" start="2026-03-26T12:23:25.996641" elapsed="16.695269"/>
</test>
<test id="s1-s3-t2" name="Ajouter Un Employe Ko" line="31">
<kw name="Test Setup" owner="BaseTests" type="SETUP">
<kw name="Log To Console" owner="BuiltIn">
<arg>${EMPTY}</arg>
<doc>Logs the given message to the console.</doc>
<status status="PASS" start="2026-03-26T12:23:42.693749" elapsed="0.000928"/>
</kw>
<kw name="Log To Console" owner="BuiltIn">
<arg>==================================================================</arg>
<doc>Logs the given message to the console.</doc>
<status status="PASS" start="2026-03-26T12:23:42.694909" elapsed="0.000514"/>
</kw>
<kw name="Log To Console" owner="BuiltIn">
<arg>DEMARRAGE DU TEST : ${TEST NAME}</arg>
<doc>Logs the given message to the console.</doc>
<status status="PASS" start="2026-03-26T12:23:42.695648" elapsed="0.000538"/>
</kw>
<kw name="Log To Console" owner="BuiltIn">
<arg>BROWSER=${BROWSER}</arg>
<doc>Logs the given message to the console.</doc>
<status status="PASS" start="2026-03-26T12:23:42.696369" elapsed="0.000568"/>
</kw>
<kw name="Log To Console" owner="BuiltIn">
<arg>==================================================================</arg>
<doc>Logs the given message to the console.</doc>
<status status="PASS" start="2026-03-26T12:23:42.697140" elapsed="0.000522"/>
</kw>
<kw name="Register Keyword To Run On Failure" owner="SeleniumLibrary">
<msg time="2026-03-26T12:23:42.698168" level="INFO">No keyword will be run on failure.</msg>
<arg>NONE</arg>
<doc>Sets the keyword to execute, when a SeleniumLibrary keyword fails.</doc>
<status status="PASS" start="2026-03-26T12:23:42.697972" elapsed="0.000261"/>
</kw>
<kw name="Open Browser" owner="SeleniumLibrary">
<msg time="2026-03-26T12:23:42.698652" level="INFO">Opening browser 'chrome' to base url 'https://opensource-demo.orangehrmlive.com/'.</msg>
<arg>${BASE_URL}</arg>
<arg>${BROWSER}</arg>
<doc>Opens a new browser instance to the optional ``url``.</doc>
<status status="PASS" start="2026-03-26T12:23:42.698421" elapsed="1.487208"/>
</kw>
<kw name="Set Selenium Implicit Wait" owner="SeleniumLibrary">
<arg>${IMPLICIT_WAIT}</arg>
<doc>Sets the implicit wait value used by Selenium.</doc>
<status status="PASS" start="2026-03-26T12:23:44.185937" elapsed="0.010649"/>
</kw>
<kw name="Maximize Browser Window" owner="SeleniumLibrary">
<doc>Maximizes current browser window.</doc>
<status status="PASS" start="2026-03-26T12:23:44.196820" elapsed="1.469812"/>
</kw>
<doc>Test Setup</doc>
<status status="PASS" start="2026-03-26T12:23:42.693464" elapsed="2.973294"/>
</kw>
<kw name="Is Connected" owner="StepConnexion">
<kw name="Run Keyword And Return Status" owner="BuiltIn">
<kw name="Page Should Contain Element" owner="SeleniumLibrary">
<msg time="2026-03-26T12:23:50.704500" level="FAIL">Page should have contained element '//*[@class="oxd-topbar-header"]' but did not.</msg>
<arg>${LOCATOR_HEADER_BAR}</arg>
<doc>Verifies that element ``locator`` is found on the current page.</doc>
<status status="FAIL" start="2026-03-26T12:23:45.667956" elapsed="5.037557">Page should have contained element '//*[@class="oxd-topbar-header"]' but did not.</status>
</kw>
<msg time="2026-03-26T12:23:50.705669" level="INFO">${status} = False</msg>
<var>${status}</var>
<arg>Page Should Contain Element</arg>
<arg>${LOCATOR_HEADER_BAR}</arg>
<doc>Runs the specified keyword and returns the status as a Boolean value.</doc>
<status status="PASS" start="2026-03-26T12:23:45.667575" elapsed="5.038127"/>
</kw>
<return>
<value>${status}</value>
<status status="PASS" start="2026-03-26T12:23:50.705777" elapsed="0.000047"/>
</return>
<msg time="2026-03-26T12:23:50.705982" level="INFO">${connected} = False</msg>
<var>${connected}</var>
<status status="PASS" start="2026-03-26T12:23:45.667200" elapsed="5.038815"/>
</kw>
<if>
<branch type="IF" condition="not ${connected}">
<kw name="Run Keyword" owner="BuiltIn">
<kw name="Se Connecter" owner="StepConnexion">
<kw name="Log To Console" owner="BuiltIn">
<arg>Se connecter</arg>
<doc>Logs the given message to the console.</doc>
<status status="PASS" start="2026-03-26T12:23:50.707501" elapsed="0.000453"/>
</kw>
<kw name="Set Username" owner="PageConnexion">
<kw name="Input Text" owner="SeleniumLibrary">
<msg time="2026-03-26T12:23:50.708877" level="INFO">Typing text 'Admin' into text field '//*[@name="username"]'.</msg>
<arg>${LOCATOR_INPUT_USERNAME}</arg>
<arg>${texte}</arg>
<doc>Types the given ``text`` into the text field identified by ``locator``.</doc>
<status status="PASS" start="2026-03-26T12:23:50.708601" elapsed="0.087125"/>
</kw>
<arg>${compte}[username]</arg>
<status status="PASS" start="2026-03-26T12:23:50.708279" elapsed="0.087572"/>
</kw>
<kw name="Set Password" owner="PageConnexion">
<kw name="Input Password" owner="SeleniumLibrary">
<msg time="2026-03-26T12:23:50.796805" level="INFO">Typing password into text field '//*[@name="password"]'.</msg>
<msg time="2026-03-26T12:23:50.832371" level="INFO">Temporally setting log level to: NONE</msg>
<arg>${LOCATOR_INPUT_PASSWORD}</arg>
<arg>${texte}</arg>
<doc>Types the given password into the text field identified by ``locator``.</doc>
<status status="PASS" start="2026-03-26T12:23:50.796558" elapsed="0.088375"/>
</kw>
<arg>${compte}[password]</arg>
<status status="PASS" start="2026-03-26T12:23:50.796154" elapsed="0.088896"/>
</kw>
<kw name="Login" owner="PageConnexion">
<kw name="Click Element" owner="SeleniumLibrary">
<msg time="2026-03-26T12:23:50.885747" level="INFO">Clicking element '//button[@type="submit"]'.</msg>
<arg>${LOCATOR_BUTTON_LOGIN}</arg>
<doc>Click the element identified by ``locator``.</doc>
<status status="PASS" start="2026-03-26T12:23:50.885536" elapsed="0.061924"/>
</kw>
<status status="PASS" start="2026-03-26T12:23:50.885257" elapsed="0.062413"/>
</kw>
<arg>${COMPTE}</arg>
<doc>Se Connecter</doc>
<status status="PASS" start="2026-03-26T12:23:50.707190" elapsed="0.240572"/>
</kw>
<arg>StepConnexion.Se Connecter</arg>
<arg>${COMPTE}</arg>
<doc>Executes the given keyword with the given arguments.</doc>
<status status="PASS" start="2026-03-26T12:23:50.706726" elapsed="0.241123"/>
</kw>
<kw name="Run Keyword" owner="BuiltIn">
<kw name="Verifier Connexion Ok" owner="StepConnexion">
<kw name="Log To Console" owner="BuiltIn">
<arg>Verifier Connexion Ok</arg>
<doc>Logs the given message to the console.</doc>
<status status="PASS" start="2026-03-26T12:23:50.948978" elapsed="0.000622"/>
</kw>
<kw name="Check Connection" owner="BasePages">
<kw name="Wait Until Page Contains Element" owner="SeleniumLibrary">
<arg>${LOCATOR_HEADER_BAR}</arg>
<doc>Waits until the element ``locator`` appears on the current page.</doc>
<status status="PASS" start="2026-03-26T12:23:50.950604" elapsed="1.659363"/>
</kw>
<kw name="Wait Until Location Does Not Contain" owner="SeleniumLibrary">
<arg>/login</arg>
<doc>Waits until the current URL does not contains ``location``.</doc>
<status status="PASS" start="2026-03-26T12:23:52.610257" elapsed="0.003823"/>
</kw>
<status status="PASS" start="2026-03-26T12:23:50.949902" elapsed="1.664339"/>
</kw>
<doc>Verifier Connexion Ok</doc>
<status status="PASS" start="2026-03-26T12:23:50.948599" elapsed="1.665716"/>
</kw>
<arg>StepConnexion.Verifier Connexion Ok</arg>
<doc>Executes the given keyword with the given arguments.</doc>
<status status="PASS" start="2026-03-26T12:23:50.948045" elapsed="1.666340"/>
</kw>
<status status="PASS" start="2026-03-26T12:23:50.706358" elapsed="1.908078"/>
</branch>
<status status="PASS" start="2026-03-26T12:23:50.706328" elapsed="1.908165"/>
</if>
<kw name="Naviguer Page Ajout Employe" owner="StepAjoutEmploye">
<kw name="Go To AddEmployee Page" owner="PageAjoutEmploye">
<kw name="Go to Page" owner="BasePages">
<kw name="Go To" owner="SeleniumLibrary">
<msg time="2026-03-26T12:23:52.616020" level="INFO">Opening url 'https://opensource-demo.orangehrmlive.com/web/index.php/pim/addEmployee'</msg>
<arg>${BASE_URL}${END_URL}</arg>
<doc>Navigates the current browser window to the provided ``url``.</doc>
<status status="PASS" start="2026-03-26T12:23:52.615832" elapsed="0.843498"/>
</kw>
<arg>${URL}</arg>
<status status="PASS" start="2026-03-26T12:23:52.615521" elapsed="0.844126"/>
</kw>
<kw name="Wait Until Page Contains Element" owner="SeleniumLibrary">
<arg>${LOCATOR_MAIN_TITLE}</arg>
<arg>timeout=10s</arg>
<doc>Waits until the element ``locator`` appears on the current page.</doc>
<status status="PASS" start="2026-03-26T12:23:53.459862" elapsed="0.543781"/>
</kw>
<status status="PASS" start="2026-03-26T12:23:52.615229" elapsed="1.388541"/>
</kw>
<kw name="Get Page Title Text" owner="PageAjoutEmploye">
<kw name="Get Text" owner="SeleniumLibrary">
<msg time="2026-03-26T12:23:54.027157" level="INFO">${actual_title} = Add Employee</msg>
<var>${actual_title}</var>
<arg>${LOCATOR_MAIN_TITLE}</arg>
<doc>Returns the text value of the element identified by ``locator``.</doc>
<status status="PASS" start="2026-03-26T12:23:54.004322" elapsed="0.022894"/>
</kw>
<return>
<value>${actual_title}</value>
<status status="PASS" start="2026-03-26T12:23:54.027321" elapsed="0.000058"/>
</return>
<msg time="2026-03-26T12:23:54.027564" level="INFO">${actual_title} = Add Employee</msg>
<var>${actual_title}</var>
<status status="PASS" start="2026-03-26T12:23:54.004005" elapsed="0.023597"/>
</kw>
<kw name="Should Be Equal As Strings" owner="BuiltIn">
<arg>${actual_title}</arg>
<arg>Add Employee</arg>
<doc>Fails if objects are unequal after converting them to strings.</doc>
<status status="PASS" start="2026-03-26T12:23:54.027775" elapsed="0.000408"/>
</kw>
<doc>Se Rendre sur la page pour modifier le mot de passe utilisateur</doc>
<status status="PASS" start="2026-03-26T12:23:52.614857" elapsed="1.413415"/>
</kw>
<kw name="Create Dictionary" owner="BuiltIn">
<msg time="2026-03-26T12:23:54.029029" level="INFO">${employee} = {'firstName': '""', 'lastName': '""'}</msg>
<var>${employee}</var>
<arg>firstName=""</arg>
<arg>lastName=""</arg>
<doc>Creates and returns a dictionary based on the given ``items``.</doc>
<status status="PASS" start="2026-03-26T12:23:54.028614" elapsed="0.000453"/>
</kw>
<kw name="Remplir les champs du formulaire" owner="StepAjoutEmploye">
<kw name="Log To Console" owner="BuiltIn">
<arg>Remplir les champs du formulaire pour ajouter un employe</arg>
<doc>Logs the given message to the console.</doc>
<status status="PASS" start="2026-03-26T12:23:54.029853" elapsed="0.000691"/>
</kw>
<kw name="Set FirstName" owner="PageAjoutEmploye">
<kw name="Input Text" owner="SeleniumLibrary">
<msg time="2026-03-26T12:23:54.031863" level="INFO">Typing text '""' into text field '//input[@name="firstName"]'.</msg>
<arg>${LOCATOR_INPUT_FIRSTNAME}</arg>
<arg>${texte}</arg>
<doc>Types the given ``text`` into the text field identified by ``locator``.</doc>
<status status="PASS" start="2026-03-26T12:23:54.031411" elapsed="0.079829"/>
</kw>
<arg>${employee}[firstName]</arg>
<status status="PASS" start="2026-03-26T12:23:54.030833" elapsed="0.080543"/>
</kw>
<kw name="Set LastName" owner="PageAjoutEmploye">
<kw name="Input Text" owner="SeleniumLibrary">
<msg time="2026-03-26T12:23:54.113475" level="INFO">Typing text '""' into text field '//input[@name="lastName"]'.</msg>
<arg>${LOCATOR_INPUT_LASTNAME}</arg>
<arg>${texte}</arg>
<doc>Types the given ``text`` into the text field identified by ``locator``.</doc>
<status status="PASS" start="2026-03-26T12:23:54.113079" elapsed="0.068797"/>
</kw>
<arg>${employee}[lastName]</arg>
<status status="PASS" start="2026-03-26T12:23:54.111627" elapsed="0.070380"/>
</kw>
<kw name="Clear Id Input" owner="PageAjoutEmploye">
<kw name="Clear Element Text" owner="SeleniumLibrary">
<arg>${LOCATOR_INPUT_ID}</arg>
<doc>Clears the value of the text-input-element identified by ``locator``.</doc>
<status status="PASS" start="2026-03-26T12:23:54.182597" elapsed="0.031816"/>
</kw>
<status status="PASS" start="2026-03-26T12:23:54.182242" elapsed="0.032304"/>
</kw>
<kw name="Save Change" owner="PageAjoutEmploye">
<kw name="Wait Until Element Is Visible" owner="SeleniumLibrary">
<arg>${LOCATOR_BUTTON_SAVE}</arg>
<doc>Waits until the element ``locator`` is visible.</doc>
<status status="PASS" start="2026-03-26T12:23:54.215119" elapsed="0.031413"/>
</kw>
<kw name="Click Element" owner="SeleniumLibrary">
<msg time="2026-03-26T12:23:54.247034" level="INFO">Clicking element '//button[@type="submit"]'.</msg>
<arg>${LOCATOR_BUTTON_SAVE}</arg>
<doc>Click the element identified by ``locator``.</doc>
<status status="PASS" start="2026-03-26T12:23:54.246765" elapsed="0.395706"/>
</kw>
<status status="PASS" start="2026-03-26T12:23:54.214788" elapsed="0.427817"/>
</kw>
<arg>${employee}</arg>
<doc>Remplir les champs du formulaire avec Nom et Prénom</doc>
<status status="PASS" start="2026-03-26T12:23:54.029464" elapsed="0.613294"/>
</kw>
<kw name="Verifier Echec Ajout Employe Input Vide" owner="StepAjoutEmploye">
<kw name="Log To Console" owner="BuiltIn">
<arg>Verifier ajout employe Vide</arg>
<doc>Logs the given message to the console.</doc>
<status status="PASS" start="2026-03-26T12:23:54.643724" elapsed="0.000707"/>
</kw>
<for flavor="IN">
<iter>
<if>
<branch type="IF" condition="'${input_value}' == ''">
<kw name="Convert To Upper Case" owner="String">
<var>${input_name_upper}</var>
<arg>${input_name}</arg>
<doc>Converts string to upper case.</doc>
<status status="NOT RUN" start="2026-03-26T12:23:54.645796" elapsed="0.000082"/>
</kw>
<kw name="Get required message" owner="PageAjoutEmploye">
<var>${message_locator}</var>
<arg>${input_name_upper}</arg>
<status status="NOT RUN" start="2026-03-26T12:23:54.646130" elapsed="0.000042"/>
</kw>
<kw name="Wait Until Element Contains" owner="SeleniumLibrary">
<arg>${message_locator}</arg>
<arg>Required</arg>
<doc>Waits until the element ``locator`` contains ``text``.</doc>
<status status="NOT RUN" start="2026-03-26T12:23:54.646323" elapsed="0.000039"/>
</kw>
<status status="NOT RUN" start="2026-03-26T12:23:54.645370" elapsed="0.001050"/>
</branch>
<status status="PASS" start="2026-03-26T12:23:54.645328" elapsed="0.001143"/>
</if>
<var name="${input_name}">firstName</var>
<var name="${input_value}">""</var>
<status status="PASS" start="2026-03-26T12:23:54.645185" elapsed="0.001320"/>
</iter>
<iter>
<if>
<branch type="IF" condition="'${input_value}' == ''">
<kw name="Convert To Upper Case" owner="String">
<var>${input_name_upper}</var>
<arg>${input_name}</arg>
<doc>Converts string to upper case.</doc>
[...]
</kw>
<doc>Test Setup</doc>
<status status="PASS" start="2026-03-26T12:24:13.944526" elapsed="3.114095"/>
</kw>
<kw name="Is Connected" owner="StepConnexion">
<kw name="Run Keyword And Return Status" owner="BuiltIn">
<kw name="Page Should Contain Element" owner="SeleniumLibrary">
<msg time="2026-03-26T12:24:22.095313" level="FAIL">Page should have contained element '//*[@class="oxd-topbar-header"]' but did not.</msg>
<arg>${LOCATOR_HEADER_BAR}</arg>
<doc>Verifies that element ``locator`` is found on the current page.</doc>
<status status="FAIL" start="2026-03-26T12:24:17.060092" elapsed="5.036230">Page should have contained element '//*[@class="oxd-topbar-header"]' but did not.</status>
</kw>
<msg time="2026-03-26T12:24:22.096479" level="INFO">${status} = False</msg>
<var>${status}</var>
<arg>Page Should Contain Element</arg>
<arg>${LOCATOR_HEADER_BAR}</arg>
<doc>Runs the specified keyword and returns the status as a Boolean value.</doc>
<status status="PASS" start="2026-03-26T12:24:17.059571" elapsed="5.036943"/>
</kw>
<return>
<value>${status}</value>
<status status="PASS" start="2026-03-26T12:24:22.096587" elapsed="0.000047"/>
</return>
<msg time="2026-03-26T12:24:22.096790" level="INFO">${connected} = False</msg>
<var>${connected}</var>
<status status="PASS" start="2026-03-26T12:24:17.059135" elapsed="5.037688"/>
</kw>
<if>
<branch type="IF" condition="not ${connected}">
<kw name="Run Keyword" owner="BuiltIn">
<kw name="Se Connecter" owner="StepConnexion">
<kw name="Log To Console" owner="BuiltIn">
<arg>Se connecter</arg>
<doc>Logs the given message to the console.</doc>
<status status="PASS" start="2026-03-26T12:24:22.098229" elapsed="0.000438"/>
</kw>
<kw name="Set Username" owner="PageConnexion">
<kw name="Input Text" owner="SeleniumLibrary">
<msg time="2026-03-26T12:24:22.099452" level="INFO">Typing text 'Admin' into text field '//*[@name="username"]'.</msg>
<arg>${LOCATOR_INPUT_USERNAME}</arg>
<arg>${texte}</arg>
<doc>Types the given ``text`` into the text field identified by ``locator``.</doc>
<status status="PASS" start="2026-03-26T12:24:22.099213" elapsed="0.095485"/>
</kw>
<arg>${compte}[username]</arg>
<status status="PASS" start="2026-03-26T12:24:22.098885" elapsed="0.096005"/>
</kw>
<kw name="Set Password" owner="PageConnexion">
<kw name="Input Password" owner="SeleniumLibrary">
<msg time="2026-03-26T12:24:22.196007" level="INFO">Typing password into text field '//*[@name="password"]'.</msg>
<msg time="2026-03-26T12:24:22.229365" level="INFO">Temporally setting log level to: NONE</msg>
<arg>${LOCATOR_INPUT_PASSWORD}</arg>
<arg>${texte}</arg>
<doc>Types the given password into the text field identified by ``locator``.</doc>
<status status="PASS" start="2026-03-26T12:24:22.195756" elapsed="0.082086"/>
</kw>
<arg>${compte}[password]</arg>
<status status="PASS" start="2026-03-26T12:24:22.195248" elapsed="0.082721"/>
</kw>
<kw name="Login" owner="PageConnexion">
<kw name="Click Element" owner="SeleniumLibrary">
<msg time="2026-03-26T12:24:22.278672" level="INFO">Clicking element '//button[@type="submit"]'.</msg>
<arg>${LOCATOR_BUTTON_LOGIN}</arg>
<doc>Click the element identified by ``locator``.</doc>
<status status="PASS" start="2026-03-26T12:24:22.278456" elapsed="1.392569"/>
</kw>
<status status="PASS" start="2026-03-26T12:24:22.278176" elapsed="1.392981"/>
</kw>
<arg>${COMPTE}</arg>
<doc>Se Connecter</doc>
<status status="PASS" start="2026-03-26T12:24:22.097933" elapsed="1.573315"/>
</kw>
<arg>StepConnexion.Se Connecter</arg>
<arg>${COMPTE}</arg>
<doc>Executes the given keyword with the given arguments.</doc>
<status status="PASS" start="2026-03-26T12:24:22.097500" elapsed="1.573823"/>
</kw>
<kw name="Run Keyword" owner="BuiltIn">
<kw name="Verifier Connexion Ok" owner="StepConnexion">
<kw name="Log To Console" owner="BuiltIn">
<arg>Verifier Connexion Ok</arg>
<doc>Logs the given message to the console.</doc>
<status status="PASS" start="2026-03-26T12:24:23.672204" elapsed="0.000525"/>
</kw>
<kw name="Check Connection" owner="BasePages">
<kw name="Wait Until Page Contains Element" owner="SeleniumLibrary">
<arg>${LOCATOR_HEADER_BAR}</arg>
<doc>Waits until the element ``locator`` appears on the current page.</doc>
<status status="PASS" start="2026-03-26T12:24:23.673215" elapsed="0.723131"/>
</kw>
<kw name="Wait Until Location Does Not Contain" owner="SeleniumLibrary">
<arg>/login</arg>
<doc>Waits until the current URL does not contains ``location``.</doc>
<status status="PASS" start="2026-03-26T12:24:24.396573" elapsed="0.004331"/>
</kw>
<status status="PASS" start="2026-03-26T12:24:23.672942" elapsed="0.728089"/>
</kw>
<doc>Verifier Connexion Ok</doc>
<status status="PASS" start="2026-03-26T12:24:23.671941" elapsed="0.729161"/>
</kw>
<arg>StepConnexion.Verifier Connexion Ok</arg>
<doc>Executes the given keyword with the given arguments.</doc>
<status status="PASS" start="2026-03-26T12:24:23.671485" elapsed="0.729683"/>
</kw>
<status status="PASS" start="2026-03-26T12:24:22.097158" elapsed="2.304057"/>
</branch>
<status status="PASS" start="2026-03-26T12:24:22.097128" elapsed="2.304147"/>
</if>
<kw name="Naviguer Page Changer Mdp" owner="StepMotDePasse">
<kw name="Go To Password Page" owner="PageMotDePasse">
<kw name="Go to Page" owner="BasePages">
<kw name="Go To" owner="SeleniumLibrary">
<msg time="2026-03-26T12:24:24.403593" level="INFO">Opening url 'https://opensource-demo.orangehrmlive.com/web/index.php/pim/updatePassword'</msg>
<arg>${BASE_URL}${END_URL}</arg>
<doc>Navigates the current browser window to the provided ``url``.</doc>
<status status="PASS" start="2026-03-26T12:24:24.403357" elapsed="0.950538"/>
</kw>
<arg>${URL}</arg>
<status status="PASS" start="2026-03-26T12:24:24.402838" elapsed="0.951262"/>
</kw>
<kw name="Wait Until Page Contains Element" owner="SeleniumLibrary">
<arg>${LOCATOR_MAIN_TITLE}</arg>
<arg>timeout=10s</arg>
<doc>Waits until the element ``locator`` appears on the current page.</doc>
<status status="PASS" start="2026-03-26T12:24:25.354287" elapsed="0.615446"/>
</kw>
<status status="PASS" start="2026-03-26T12:24:24.402447" elapsed="1.567435"/>
</kw>
<kw name="Get Page Title Text" owner="PageMotDePasse">
<kw name="Get Text" owner="SeleniumLibrary">
<msg time="2026-03-26T12:24:25.993317" level="INFO">${actual_title} = Update Password</msg>
<var>${actual_title}</var>
<arg>${LOCATOR_MAIN_TITLE}</arg>
<doc>Returns the text value of the element identified by ``locator``.</doc>
<status status="PASS" start="2026-03-26T12:24:25.970642" elapsed="0.022769"/>
</kw>
<return>
<value>${actual_title}</value>
<status status="PASS" start="2026-03-26T12:24:25.993503" elapsed="0.000062"/>
</return>
<msg time="2026-03-26T12:24:25.993733" level="INFO">${actual_title} = Update Password</msg>
<var>${actual_title}</var>
<status status="PASS" start="2026-03-26T12:24:25.970151" elapsed="0.023617"/>
</kw>
<kw name="Should Be Equal As Strings" owner="BuiltIn">
<arg>${actual_title}</arg>
<arg>Update Password</arg>
<doc>Fails if objects are unequal after converting them to strings.</doc>
<status status="PASS" start="2026-03-26T12:24:25.993926" elapsed="0.000368"/>
</kw>
<doc>Se Rendre sur la page pour modifier le mot de passe utilisateur</doc>
<status status="PASS" start="2026-03-26T12:24:24.401871" elapsed="1.592510"/>
</kw>
<kw name="Remplir les champs du formulaire" owner="StepMotDePasse">
<kw name="Log To Console" owner="BuiltIn">
<arg>Remplir les champs du formulaire pour changer de mot de passe</arg>
<doc>Logs the given message to the console.</doc>
<status status="PASS" start="2026-03-26T12:24:25.995298" elapsed="0.000439"/>
</kw>
<kw name="Set Current Password" owner="PageMotDePasse">
<kw name="Input Text" owner="SeleniumLibrary">
<msg time="2026-03-26T12:24:25.996593" level="INFO">Typing text 'admin123' into text field '//label[contains(text(),"Current")]/../..//input'.</msg>
<arg>${LOCATOR_CURRENT_PASSWORD}</arg>
<arg>${current_password}</arg>
<doc>Types the given ``text`` into the text field identified by ``locator``.</doc>
<status status="PASS" start="2026-03-26T12:24:25.996348" elapsed="0.087459"/>
</kw>
<arg>${compte}[password]</arg>
<status status="PASS" start="2026-03-26T12:24:25.996034" elapsed="0.087903"/>
</kw>
<kw name="Set New Password" owner="PageMotDePasse">
<kw name="Input Text" owner="SeleniumLibrary">
<msg time="2026-03-26T12:24:26.085293" level="INFO">Typing text 'test1234' into text field '//label[text()="Password"]/../..//input'.</msg>
<arg>${LOCATOR_PASSWORD}</arg>
<arg>${new_password}</arg>
<doc>Types the given ``text`` into the text field identified by ``locator``.</doc>
<status status="PASS" start="2026-03-26T12:24:26.084471" elapsed="0.080895"/>
</kw>
<arg>${nouveau_mdp}</arg>
<status status="PASS" start="2026-03-26T12:24:26.084140" elapsed="0.081380"/>
</kw>
<kw name="Confirm New Password" owner="PageMotDePasse">
<kw name="Input Text" owner="SeleniumLibrary">
<msg time="2026-03-26T12:24:26.166357" level="INFO">Typing text 'test1234' into text field '//label[contains(text(),"Confirm")]/../..//input'.</msg>
<arg>${LOCATOR_CONFIRM_PASSWORD}</arg>
<arg>${new_password}</arg>
<doc>Types the given ``text`` into the text field identified by ``locator``.</doc>
<status status="PASS" start="2026-03-26T12:24:26.166106" elapsed="0.092420"/>
</kw>
<arg>${nouveau_mdp}</arg>
<status status="PASS" start="2026-03-26T12:24:26.165740" elapsed="0.092918"/>
</kw>
<kw name="Save Change" owner="PageMotDePasse">
<kw name="Click Element" owner="SeleniumLibrary">
<msg time="2026-03-26T12:24:26.259405" level="INFO">Clicking element '//button[@type="submit"]'.</msg>
<arg>${LOCATOR_BUTTON_SAVE}</arg>
<doc>Click the element identified by ``locator``.</doc>
<status status="PASS" start="2026-03-26T12:24:26.259174" elapsed="0.049084"/>
</kw>
<status status="PASS" start="2026-03-26T12:24:26.258870" elapsed="0.049524"/>
</kw>
<arg>${compte}</arg>
<arg>test1234</arg>
<doc>Remplir les champs du formulaire avec l'ancien et le nouveau mot de passe</doc>
<status status="PASS" start="2026-03-26T12:24:25.994866" elapsed="0.313618"/>
</kw>
<kw name="Verifier Succes Changement" owner="StepMotDePasse">
<kw name="Log To Console" owner="BuiltIn">
<arg>Verifier modification du mot de passe</arg>
<doc>Logs the given message to the console.</doc>
<status status="PASS" start="2026-03-26T12:24:26.309254" elapsed="0.000494"/>
</kw>
<kw name="Get Succes Message" owner="BasePages">
<kw name="Wait Until Element Is Visible" owner="SeleniumLibrary">
<arg>${LOCATOR_SUCCESS_MESSAGE}</arg>
<doc>Waits until the element ``locator`` is visible.</doc>
<status status="PASS" start="2026-03-26T12:24:26.310347" elapsed="1.939371"/>
</kw>
<kw name="Get Text" owner="SeleniumLibrary">
<msg time="2026-03-26T12:24:28.265567" level="INFO">${message} = Success</msg>
<var>${message}</var>
<arg>${LOCATOR_SUCCESS_MESSAGE}</arg>
<doc>Returns the text value of the element identified by ``locator``.</doc>
<status status="PASS" start="2026-03-26T12:24:28.249920" elapsed="0.015701"/>
</kw>
<return>
<value>${message}</value>
<status status="PASS" start="2026-03-26T12:24:28.265716" elapsed="0.000054"/>
</return>
<msg time="2026-03-26T12:24:28.265935" level="INFO">${message} = Success</msg>
<var>${message}</var>
<status status="PASS" start="2026-03-26T12:24:26.310018" elapsed="1.955952"/>
</kw>
<kw name="Should Contain" owner="BuiltIn">
<arg>${message}</arg>
<arg>Success</arg>
<doc>Fails if ``container`` does not contain ``item`` one or more times.</doc>
<status status="PASS" start="2026-03-26T12:24:28.266127" elapsed="0.000390"/>
</kw>
<doc>Verifier que la modification a été un succès</doc>
<status status="PASS" start="2026-03-26T12:24:26.308888" elapsed="1.957719"/>
</kw>
<kw name="Modifier mon compte" owner="StepMotDePasse">
<kw name="Set To Dictionary" owner="Collections">
<arg>${compte}</arg>
<arg>password=${nouveau_mdp}</arg>
<doc>Adds the given ``key_value_pairs`` and/or ``items`` to the ``dictionary``.</doc>
<status status="PASS" start="2026-03-26T12:24:28.267510" elapsed="0.000662"/>
</kw>
<arg>${compte}</arg>
<arg>test1234</arg>
<status status="PASS" start="2026-03-26T12:24:28.266950" elapsed="0.001421"/>
</kw>
<kw name="Se Deconnecter" owner="StepConnexion">
<kw name="Log To Console" owner="BuiltIn">
<arg>Se Deconnecter</arg>
<doc>Logs the given message to the console.</doc>
<status status="PASS" start="2026-03-26T12:24:28.269313" elapsed="0.000545"/>
</kw>
<kw name="Logout" owner="BasePages">
<kw name="Click Element" owner="SeleniumLibrary">
<msg time="2026-03-26T12:24:28.270700" level="INFO">Clicking element '//*[@class="oxd-userdropdown-tab"]'.</msg>
<arg>${LOCATOR_DROPDOWN_USER}</arg>
<doc>Click the element identified by ``locator``.</doc>
<status status="PASS" start="2026-03-26T12:24:28.270474" elapsed="0.069674"/>
</kw>
<kw name="Wait Until Element Is Visible" owner="SeleniumLibrary">
<arg>${LOCATOR_LOGOUT_ITEM}</arg>
<doc>Waits until the element ``locator`` is visible.</doc>
<status status="PASS" start="2026-03-26T12:24:28.340380" elapsed="0.237631"/>
</kw>
<kw name="Click Element" owner="SeleniumLibrary">
<msg time="2026-03-26T12:24:28.578503" level="INFO">Clicking element '//*[@class="--active oxd-userdropdown"]//li[4]'.</msg>
<arg>${LOCATOR_LOGOUT_ITEM}</arg>
<doc>Click the element identified by ``locator``.</doc>
<status status="PASS" start="2026-03-26T12:24:28.578232" elapsed="0.963586"/>
</kw>
<kw name="Wait Until Location Contains" owner="SeleniumLibrary">
<arg>/login</arg>
<arg>message=La déconnexion a échoué</arg>
<doc>Waits until the current URL contains ``expected``.</doc>
<status status="PASS" start="2026-03-26T12:24:29.542031" elapsed="0.005063"/>
</kw>
<status status="PASS" start="2026-03-26T12:24:28.270166" elapsed="1.277068"/>
</kw>
<doc>Se Deconnecter</doc>
<status status="PASS" start="2026-03-26T12:24:28.268885" elapsed="1.278421"/>
</kw>
<kw name="Se Connecter" owner="StepConnexion">
<kw name="Log To Console" owner="BuiltIn">
<arg>Se connecter</arg>
<doc>Logs the given message to the console.</doc>
<status status="PASS" start="2026-03-26T12:24:29.548075" elapsed="0.000478"/>
</kw>
<kw name="Set Username" owner="PageConnexion">
<kw name="Input Text" owner="SeleniumLibrary">
<msg time="2026-03-26T12:24:29.549418" level="INFO">Typing text 'Admin' into text field '//*[@name="username"]'.</msg>
<arg>${LOCATOR_INPUT_USERNAME}</arg>
<arg>${texte}</arg>
<doc>Types the given ``text`` into the text field identified by ``locator``.</doc>
<status status="PASS" start="2026-03-26T12:24:29.549157" elapsed="0.454583"/>
</kw>
<arg>${compte}[username]</arg>
<status status="PASS" start="2026-03-26T12:24:29.548776" elapsed="0.455170"/>
</kw>
<kw name="Set Password" owner="PageConnexion">
<kw name="Input Password" owner="SeleniumLibrary">
<msg time="2026-03-26T12:24:30.004866" level="INFO">Typing password into text field '//*[@name="password"]'.</msg>
<msg time="2026-03-26T12:24:30.030314" level="INFO">Temporally setting log level to: NONE</msg>
<arg>${LOCATOR_INPUT_PASSWORD}</arg>
<arg>${texte}</arg>
<doc>Types the given password into the text field identified by ``locator``.</doc>
<status status="PASS" start="2026-03-26T12:24:30.004614" elapsed="0.068214"/>
</kw>
<arg>${compte}[password]</arg>
<status status="PASS" start="2026-03-26T12:24:30.004231" elapsed="0.068750"/>
</kw>
<kw name="Login" owner="PageConnexion">
<kw name="Click Element" owner="SeleniumLibrary">
<msg time="2026-03-26T12:24:30.073881" level="INFO">Clicking element '//button[@type="submit"]'.</msg>
<arg>${LOCATOR_BUTTON_LOGIN}</arg>
<doc>Click the element identified by ``locator``.</doc>
<status status="PASS" start="2026-03-26T12:24:30.073514" elapsed="0.045922"/>
</kw>
<status status="PASS" start="2026-03-26T12:24:30.073204" elapsed="0.046399"/>
</kw>
<arg>${compte}</arg>
<doc>Se Connecter</doc>
<status status="PASS" start="2026-03-26T12:24:29.547692" elapsed="0.572007"/>
</kw>
<kw name="Verifier Connexion Ok" owner="StepConnexion">
<kw name="Log To Console" owner="BuiltIn">
<arg>Verifier Connexion Ok</arg>
<doc>Logs the given message to the console.</doc>
<status status="PASS" start="2026-03-26T12:24:30.122799" elapsed="0.000491"/>
</kw>
<kw name="Check Connection" owner="BasePages">
<kw name="Wait Until Page Contains Element" owner="SeleniumLibrary">
<msg time="2026-03-26T12:24:36.567111" level="FAIL">Element '//*[@class="oxd-topbar-header"]' did not appear in 5 seconds.</msg>
<arg>${LOCATOR_HEADER_BAR}</arg>
<doc>Waits until the element ``locator`` appears on the current page.</doc>
<status status="FAIL" start="2026-03-26T12:24:30.123943" elapsed="6.459321">Element '//*[@class="oxd-topbar-header"]' did not appear in 5 seconds.</status>
</kw>
<kw name="Wait Until Location Does Not Contain" owner="SeleniumLibrary">
<arg>/login</arg>
<doc>Waits until the current URL does not contains ``location``.</doc>
<status status="NOT RUN" start="2026-03-26T12:24:36.583487" elapsed="0.000041"/>
</kw>
<status status="FAIL" start="2026-03-26T12:24:30.123598" elapsed="6.460068">Element '//*[@class="oxd-topbar-header"]' did not appear in 5 seconds.</status>
</kw>
<doc>Verifier Connexion Ok</doc>
<status status="FAIL" start="2026-03-26T12:24:30.122435" elapsed="6.461342">Element '//*[@class="oxd-topbar-header"]' did not appear in 5 seconds.</status>
</kw>
<kw name="Test Teardown" owner="BaseTests" type="TEARDOWN">
<kw name="Log To Console" owner="BuiltIn">
<arg>==================================================================</arg>
<doc>Logs the given message to the console.</doc>
<status status="PASS" start="2026-03-26T12:24:36.584767" elapsed="0.000503"/>
</kw>
<kw name="Log To Console" owner="BuiltIn">
<arg>FIN DU TEST : ${TEST NAME}</arg>
<doc>Logs the given message to the console.</doc>
<status status="PASS" start="2026-03-26T12:24:36.585497" elapsed="0.000547"/>
</kw>
<kw name="Log To Console" owner="BuiltIn">
<arg>==================================================================</arg>
<doc>Logs the given message to the console.</doc>
<status status="PASS" start="2026-03-26T12:24:36.586263" elapsed="0.000507"/>
</kw>
<kw name="Close Browser" owner="SeleniumLibrary">
<doc>Closes the current browser.</doc>
<status status="PASS" start="2026-03-26T12:24:36.586993" elapsed="2.203777"/>
</kw>
<doc>Test Teardown</doc>
<status status="PASS" start="2026-03-26T12:24:36.584406" elapsed="2.206493"/>
</kw>
<doc>Changer de mot de passe</doc>
<tag>browser_chrome</tag>
<tag>test_positive</tag>
<tag>type_tnr</tag>
<status status="FAIL" start="2026-03-26T12:24:13.943926" elapsed="24.847296">Element '//*[@class="oxd-topbar-header"]' did not appear in 5 seconds.</status>
</test>
<kw name="Suite Teardown" owner="BaseTests" type="TEARDOWN">
<kw name="Log To Console" owner="BuiltIn">
<arg>${EMPTY}</arg>
<doc>Logs the given message to the console.</doc>
<status status="PASS" start="2026-03-26T12:24:38.792796" elapsed="0.000877"/>
</kw>
<doc>Suite Teardown</doc>
<status status="PASS" start="2026-03-26T12:24:38.792565" elapsed="0.001258"/>
</kw>
<doc>Suite Authentification</doc>
<status status="FAIL" start="2026-03-26T12:24:13.925546" elapsed="24.868344"/>
</suite>
<status status="FAIL" start="2026-03-26T12:22:21.966747" elapsed="136.828542"/>
</suite>
<statistics>
<total>
<stat pass="9" fail="1" skip="0">All Tests</stat>
</total>
<tag>
<stat pass="7" fail="1" skip="0">browser_chrome</stat>
<stat pass="3" fail="0" skip="0">test_negative</stat>
<stat pass="4" fail="1" skip="0">test_positive</stat>
<stat pass="7" fail="1" skip="0">type_tnr</stat>
</tag>
<suite>
<stat name="Tests" id="s1" pass="9" fail="1" skip="0">Tests</stat>
<stat name="Test Google" id="s1-s1" pass="2" fail="0" skip="0">Tests.Test Google</stat>
<stat name="TS AUTHENTIFICATION" id="s1-s2" pass="4" fail="0" skip="0">Tests.TS AUTHENTIFICATION</stat>
<stat name="TS GESTION EMPLOYE" id="s1-s3" pass="3" fail="0" skip="0">Tests.TS GESTION EMPLOYE</stat>
<stat name="TS GESTION PROFIL" id="s1-s4" pass="0" fail="1" skip="0">Tests.TS GESTION PROFIL</stat>
</suite>
</statistics>
<errors>
</errors>
</robot>
